生成启动时间为 2016/8/16 星期二 下午 3:52:38。
     1>项目“D:\冯骏涛\项目1\trunk\rtmplivescreen_mp3444(无live555版本)\RtmpLiveScreen_mp3\RtmpLiveScreen_mp3.vcxproj”在节点 2 上(build 个目标)。
     1>InitializeBuildStatus:
         正在创建“Debug\RtmpLiveScreen_mp3.unsuccessfulbuild”，因为已指定“AlwaysCreate”。
       ClCompile:
         所有输出均为最新。
         D:\Program Files (x86)\Microsoft Visual Studio 10.0\VC\bin\CL.exe /c /I./ /ZI /nologo /W3 /WX- /Od /Oy- /D WIN32 /D _WINDOWS /D _DEBUG /D _UNICODE /D UNICODE /Gm /EHsc /RTC1 /MTd /GS /fp:precise /Zc:wchar_t /Zc:forScope /Yu"StdAfx.h" /Fp"Debug\RtmpLiveScreen_mp3.pch" /Fo"Debug\\" /Fd"Debug\vc100.pdb" /Gd /TP /analyze- /errorReport:prompt RtmpLiveScreen.cpp
         RtmpLiveScreen.cpp
     1>d:\冯骏涛\项目1\trunk\rtmplivescreen_mp3444(无live555版本)\rtmplivescreen_mp3\rtmplivescreen.cpp(516): warning C4244: “=”: 从“__int64”转换到“unsigned int”，可能丢失数据
       ResourceCompile:
         所有输出均为最新。
       ManifestResourceCompile:
         所有输出均为最新。
       Link:
         D:\Program Files (x86)\Microsoft Visual Studio 10.0\VC\bin\link.exe /ERRORREPORT:PROMPT /OUT:"D:\冯骏涛\项目1\trunk\rtmplivescreen_mp3444(无live555版本)\Debug\RtmpLiveScreen_mp3.exe" /INCREMENTAL /NOLOGO /LIBPATH:./librtmp /LIBPATH:./baseclasses /LIBPATH:./libx264 /LIBPATH:./libfaac /LIBPATH:./libmp3lame strmiids.lib strmbasd.lib libx264d.lib libfaacd.lib librtmpd.lib libmp3lamed.lib libmpghipd.lib /MANIFEST /ManifestFile:"Debug\RtmpLiveScreen_mp3.exe.intermediate.manifest" /MANIFESTUAC:"level='asInvoker' uiAccess='false'" /DEBUG /PDB:"D:\冯骏涛\项目1\trunk\rtmplivescreen_mp3444(无live555版本)\Debug\RtmpLiveScreen_mp3.pdb" /SUBSYSTEM:WINDOWS /TLBID:1 /ENTRY:"wWinMainCRTStartup" /DYNAMICBASE /NXCOMPAT /IMPLIB:"D:\冯骏涛\项目1\trunk\rtmplivescreen_mp3444(无live555版本)\Debug\RtmpLiveScreen_mp3.lib" /MACHINE:X86 Debug\RtmpLiveEncoder.res
         Debug\RtmpLiveScreen_mp3.exe.embed.manifest.res
         Debug\Lock.obj
         Debug\SimpleThread.obj
         Debug\BtnST.obj
         Debug\DSAudioCaptureDevice.obj
         Debug\DSAudioGraph.obj
         Debug\DSCapture.obj
         Debug\DSCaptureDevice.obj
         Debug\DSGrabberCallback.obj
         Debug\DSGraph.obj
         Debug\DSVideoCaptureDevice.obj
         Debug\DSVideoGraph.obj
         Debug\AudioEncoderThread.obj
         Debug\FAACEncoder.obj
         Debug\LiveImage.obj
         Debug\MP3Encoder.obj
         Debug\VideoEncoderThread.obj
         Debug\X264Encoder.obj
         Debug\FlvReader.obj
         Debug\LibRtmp.obj
         Debug\MySliderControl.obj
         Debug\RtmpLiveScreen.obj
         Debug\RtmpLiveScreenCmd.obj
         Debug\RtmpLiveScreenrApp.obj
         Debug\RtmpLiveScreenDlg.obj
         Debug\SimpleConfig.obj
         Debug\stdafx.obj
       Manifest:
         C:\Program Files (x86)\Microsoft SDKs\Windows\v7.0A\bin\mt.exe /nologo /verbose /out:"Debug\RtmpLiveScreen_mp3.exe.embed.manifest" /manifest Debug\RtmpLiveScreen_mp3.exe.intermediate.manifest "D:\Program Files (x86)\Microsoft Visual Studio 10.0\VC\Include\Manifest\dpiaware.manifest"
         所有输出均为最新。
       LinkEmbedManifest:
         所有输出均为最新。
         RtmpLiveScreen_mp3.vcxproj -> D:\冯骏涛\项目1\trunk\rtmplivescreen_mp3444(无live555版本)\Debug\RtmpLiveScreen_mp3.exe
       FinalizeBuildStatus:
         正在删除文件“Debug\RtmpLiveScreen_mp3.unsuccessfulbuild”。
         正在对“Debug\RtmpLiveScreen_mp3.lastbuildstate”执行 Touch 任务。
     1>已完成生成项目“D:\冯骏涛\项目1\trunk\rtmplivescreen_mp3444(无live555版本)\RtmpLiveScreen_mp3\RtmpLiveScreen_mp3.vcxproj”(build 个目标)的操作。

生成成功。

已用时间 00:00:01.22
