生成启动时间为 2016/8/15 星期一 上午 10:19:26。
     1>项目“D:\冯骏涛\项目1\trunk\rtmplivescreen_mp3444(无live555版本)\RtmpLiveScreen_mp3\RtmpLiveScreen_mp3.vcxproj”在节点 2 上(build 个目标)。
     1>InitializeBuildStatus:
         正在创建“Release\RtmpLiveScreen_mp3.unsuccessfulbuild”，因为已指定“AlwaysCreate”。
       ClCompile:
         所有输出均为最新。
         D:\Program Files (x86)\Microsoft Visual Studio 10.0\VC\bin\CL.exe /c /I./ /Zi /nologo /W3 /WX- /Od /Oi /Oy- /GL /D WIN32 /D _WINDOWS /D NDEBUG /D _UNICODE /D UNICODE /Gm- /EHsc /MT /GS /Gy /fp:precise /Zc:wchar_t /Zc:forScope /Yu"StdAfx.h" /Fp"Release\RtmpLiveScreen_mp3.pch" /Fo"Release\\" /Fd"Release\vc100.pdb" /Gd /TP /analyze- /errorReport:prompt encoder\X264Encoder.cpp
         X264Encoder.cpp
         You must include stdint.h or inttypes.h before x264.h
       ResourceCompile:
         所有输出均为最新。
       Link:
         D:\Program Files (x86)\Microsoft Visual Studio 10.0\VC\bin\link.exe /ERRORREPORT:PROMPT /OUT:"D:\冯骏涛\项目1\trunk\rtmplivescreen_mp3444(无live555版本)\Release\RtmpLiveScreen_mp3.exe" /INCREMENTAL:NO /NOLOGO /LIBPATH:./librtmp /LIBPATH:./baseclasses /LIBPATH:./libx264 /LIBPATH:./libfaac /LIBPATH:./libmp3lame strmiids.lib strmbase.lib libx264.lib libfaac.lib libmp3lame.lib libmpghip.lib librtmp.lib /MANIFEST /ManifestFile:"Release\RtmpLiveScreen_mp3.exe.intermediate.manifest" /MANIFESTUAC:"level='asInvoker' uiAccess='false'" /DEBUG /PDB:"D:\冯骏涛\项目1\trunk\rtmplivescreen_mp3444(无live555版本)\Release\RtmpLiveScreen_mp3.pdb" /SUBSYSTEM:WINDOWS /OPT:REF /OPT:ICF /LTCG /TLBID:1 /ENTRY:"wWinMainCRTStartup" /DYNAMICBASE /NXCOMPAT /IMPLIB:"D:\冯骏涛\项目1\trunk\rtmplivescreen_mp3444(无live555版本)\Release\RtmpLiveScreen_mp3.lib" /MACHINE:X86 Release\RtmpLiveEncoder.res
         Release\Lock.obj
         Release\SimpleThread.obj
         Release\BtnST.obj
         Release\DSAudioCaptureDevice.obj
         Release\DSAudioGraph.obj
         Release\DSCapture.obj
         Release\DSCaptureDevice.obj
         Release\DSGrabberCallback.obj
         Release\DSGraph.obj
         Release\DSVideoCaptureDevice.obj
         Release\DSVideoGraph.obj
         Release\AudioEncoderThread.obj
         Release\FAACEncoder.obj
         Release\LiveImage.obj
         Release\MP3Encoder.obj
         Release\VideoEncoderThread.obj
         Release\X264Encoder.obj
         Release\FlvReader.obj
         Release\LibRtmp.obj
         Release\MySliderControl.obj
         Release\RtmpLiveScreen.obj
         Release\RtmpLiveScreenCmd.obj
         Release\RtmpLiveScreenrApp.obj
         Release\RtmpLiveScreenDlg.obj
         Release\SimpleConfig.obj
         Release\stdafx.obj
         正在生成代码
         已完成代码的生成
     1>librtmp.lib(log.obj) : warning LNK4099: 未找到 PDB“vc100.pdb”(使用“librtmp.lib(log.obj)”或在“D:\冯骏涛\项目1\trunk\rtmplivescreen_mp3444(无live555版本)\Release\vc100.pdb”中寻找)；正在链接对象，如同没有调试信息一样
     1>librtmp.lib(rtmp.obj) : warning LNK4099: 未找到 PDB“vc100.pdb”(使用“librtmp.lib(rtmp.obj)”或在“D:\冯骏涛\项目1\trunk\rtmplivescreen_mp3444(无live555版本)\Release\vc100.pdb”中寻找)；正在链接对象，如同没有调试信息一样
     1>librtmp.lib(amf.obj) : warning LNK4099: 未找到 PDB“vc100.pdb”(使用“librtmp.lib(amf.obj)”或在“D:\冯骏涛\项目1\trunk\rtmplivescreen_mp3444(无live555版本)\Release\vc100.pdb”中寻找)；正在链接对象，如同没有调试信息一样
     1>librtmp.lib(parseurl.obj) : warning LNK4099: 未找到 PDB“vc100.pdb”(使用“librtmp.lib(parseurl.obj)”或在“D:\冯骏涛\项目1\trunk\rtmplivescreen_mp3444(无live555版本)\Release\vc100.pdb”中寻找)；正在链接对象，如同没有调试信息一样
     1>librtmp.lib(hashswf.obj) : warning LNK4099: 未找到 PDB“vc100.pdb”(使用“librtmp.lib(hashswf.obj)”或在“D:\冯骏涛\项目1\trunk\rtmplivescreen_mp3444(无live555版本)\Release\vc100.pdb”中寻找)；正在链接对象，如同没有调试信息一样
     1>strmbase.lib(mtype.obj) : warning LNK4099: 未找到 PDB“vc100.pdb”(使用“strmbase.lib(mtype.obj)”或在“D:\冯骏涛\项目1\trunk\rtmplivescreen_mp3444(无live555版本)\Release\vc100.pdb”中寻找)；正在链接对象，如同没有调试信息一样
     1>libx264.lib(analyse.obj) : warning LNK4099: 未找到 PDB“vc100.pdb”(使用“libx264.lib(analyse.obj)”或在“D:\冯骏涛\项目1\trunk\rtmplivescreen_mp3444(无live555版本)\Release\vc100.pdb”中寻找)；正在链接对象，如同没有调试信息一样
     1>libx264.lib(cabac.obj) : warning LNK4099: 未找到 PDB“vc100.pdb”(使用“libx264.lib(cabac.obj)”或在“D:\冯骏涛\项目1\trunk\rtmplivescreen_mp3444(无live555版本)\Release\vc100.pdb”中寻找)；正在链接对象，如同没有调试信息一样
     1>libx264.lib(cavlc.obj) : warning LNK4099: 未找到 PDB“vc100.pdb”(使用“libx264.lib(cavlc.obj)”或在“D:\冯骏涛\项目1\trunk\rtmplivescreen_mp3444(无live555版本)\Release\vc100.pdb”中寻找)；正在链接对象，如同没有调试信息一样
     1>libx264.lib(encoder.obj) : warning LNK4099: 未找到 PDB“vc100.pdb”(使用“libx264.lib(encoder.obj)”或在“D:\冯骏涛\项目1\trunk\rtmplivescreen_mp3444(无live555版本)\Release\vc100.pdb”中寻找)；正在链接对象，如同没有调试信息一样
     1>libx264.lib(macroblock.obj) : warning LNK4099: 未找到 PDB“vc100.pdb”(使用“libx264.lib(macroblock.obj)”或在“D:\冯骏涛\项目1\trunk\rtmplivescreen_mp3444(无live555版本)\Release\vc100.pdb”中寻找)；正在链接对象，如同没有调试信息一样
     1>libx264.lib(me.obj) : warning LNK4099: 未找到 PDB“vc100.pdb”(使用“libx264.lib(me.obj)”或在“D:\冯骏涛\项目1\trunk\rtmplivescreen_mp3444(无live555版本)\Release\vc100.pdb”中寻找)；正在链接对象，如同没有调试信息一样
     1>libx264.lib(ratecontrol.obj) : warning LNK4099: 未找到 PDB“vc100.pdb”(使用“libx264.lib(ratecontrol.obj)”或在“D:\冯骏涛\项目1\trunk\rtmplivescreen_mp3444(无live555版本)\Release\vc100.pdb”中寻找)；正在链接对象，如同没有调试信息一样
     1>libx264.lib(set.obj) : warning LNK4099: 未找到 PDB“vc100.pdb”(使用“libx264.lib(set.obj)”或在“D:\冯骏涛\项目1\trunk\rtmplivescreen_mp3444(无live555版本)\Release\vc100.pdb”中寻找)；正在链接对象，如同没有调试信息一样
     1>libx264.lib(cabac.obj) : warning LNK4099: 未找到 PDB“vc100.pdb”(使用“libx264.lib(cabac.obj)”或在“D:\冯骏涛\项目1\trunk\rtmplivescreen_mp3444(无live555版本)\Release\vc100.pdb”中寻找)；正在链接对象，如同没有调试信息一样
     1>libx264.lib(common.obj) : warning LNK4099: 未找到 PDB“vc100.pdb”(使用“libx264.lib(common.obj)”或在“D:\冯骏涛\项目1\trunk\rtmplivescreen_mp3444(无live555版本)\Release\vc100.pdb”中寻找)；正在链接对象，如同没有调试信息一样
     1>libx264.lib(cpu.obj) : warning LNK4099: 未找到 PDB“vc100.pdb”(使用“libx264.lib(cpu.obj)”或在“D:\冯骏涛\项目1\trunk\rtmplivescreen_mp3444(无live555版本)\Release\vc100.pdb”中寻找)；正在链接对象，如同没有调试信息一样
     1>libx264.lib(dct.obj) : warning LNK4099: 未找到 PDB“vc100.pdb”(使用“libx264.lib(dct.obj)”或在“D:\冯骏涛\项目1\trunk\rtmplivescreen_mp3444(无live555版本)\Release\vc100.pdb”中寻找)；正在链接对象，如同没有调试信息一样
     1>libx264.lib(frame.obj) : warning LNK4099: 未找到 PDB“vc100.pdb”(使用“libx264.lib(frame.obj)”或在“D:\冯骏涛\项目1\trunk\rtmplivescreen_mp3444(无live555版本)\Release\vc100.pdb”中寻找)；正在链接对象，如同没有调试信息一样
     1>libx264.lib(macroblock.obj) : warning LNK4099: 未找到 PDB“vc100.pdb”(使用“libx264.lib(macroblock.obj)”或在“D:\冯骏涛\项目1\trunk\rtmplivescreen_mp3444(无live555版本)\Release\vc100.pdb”中寻找)；正在链接对象，如同没有调试信息一样
     1>libx264.lib(mc-c.obj) : warning LNK4099: 未找到 PDB“vc100.pdb”(使用“libx264.lib(mc-c.obj)”或在“D:\冯骏涛\项目1\trunk\rtmplivescreen_mp3444(无live555版本)\Release\vc100.pdb”中寻找)；正在链接对象，如同没有调试信息一样
     1>libx264.lib(mc.obj) : warning LNK4099: 未找到 PDB“vc100.pdb”(使用“libx264.lib(mc.obj)”或在“D:\冯骏涛\项目1\trunk\rtmplivescreen_mp3444(无live555版本)\Release\vc100.pdb”中寻找)；正在链接对象，如同没有调试信息一样
     1>libx264.lib(pixel.obj) : warning LNK4099: 未找到 PDB“vc100.pdb”(使用“libx264.lib(pixel.obj)”或在“D:\冯骏涛\项目1\trunk\rtmplivescreen_mp3444(无live555版本)\Release\vc100.pdb”中寻找)；正在链接对象，如同没有调试信息一样
     1>libx264.lib(predict-c.obj) : warning LNK4099: 未找到 PDB“vc100.pdb”(使用“libx264.lib(predict-c.obj)”或在“D:\冯骏涛\项目1\trunk\rtmplivescreen_mp3444(无live555版本)\Release\vc100.pdb”中寻找)；正在链接对象，如同没有调试信息一样
     1>libx264.lib(predict.obj) : warning LNK4099: 未找到 PDB“vc100.pdb”(使用“libx264.lib(predict.obj)”或在“D:\冯骏涛\项目1\trunk\rtmplivescreen_mp3444(无live555版本)\Release\vc100.pdb”中寻找)；正在链接对象，如同没有调试信息一样
     1>libx264.lib(vlc.obj) : warning LNK4099: 未找到 PDB“vc100.pdb”(使用“libx264.lib(vlc.obj)”或在“D:\冯骏涛\项目1\trunk\rtmplivescreen_mp3444(无live555版本)\Release\vc100.pdb”中寻找)；正在链接对象，如同没有调试信息一样
     1>libx264.lib(quant.obj) : warning LNK4099: 未找到 PDB“vc100.pdb”(使用“libx264.lib(quant.obj)”或在“D:\冯骏涛\项目1\trunk\rtmplivescreen_mp3444(无live555版本)\Release\vc100.pdb”中寻找)；正在链接对象，如同没有调试信息一样
     1>libx264.lib(set.obj) : warning LNK4099: 未找到 PDB“vc100.pdb”(使用“libx264.lib(set.obj)”或在“D:\冯骏涛\项目1\trunk\rtmplivescreen_mp3444(无live555版本)\Release\vc100.pdb”中寻找)；正在链接对象，如同没有调试信息一样
     1>libfaac.lib(aacquant.obj) : warning LNK4099: 未找到 PDB“vc100.pdb”(使用“libfaac.lib(aacquant.obj)”或在“D:\冯骏涛\项目1\trunk\rtmplivescreen_mp3444(无live555版本)\Release\vc100.pdb”中寻找)；正在链接对象，如同没有调试信息一样
     1>libfaac.lib(backpred.obj) : warning LNK4099: 未找到 PDB“vc100.pdb”(使用“libfaac.lib(backpred.obj)”或在“D:\冯骏涛\项目1\trunk\rtmplivescreen_mp3444(无live555版本)\Release\vc100.pdb”中寻找)；正在链接对象，如同没有调试信息一样
     1>libfaac.lib(bitstream.obj) : warning LNK4099: 未找到 PDB“vc100.pdb”(使用“libfaac.lib(bitstream.obj)”或在“D:\冯骏涛\项目1\trunk\rtmplivescreen_mp3444(无live555版本)\Release\vc100.pdb”中寻找)；正在链接对象，如同没有调试信息一样
     1>libfaac.lib(channels.obj) : warning LNK4099: 未找到 PDB“vc100.pdb”(使用“libfaac.lib(channels.obj)”或在“D:\冯骏涛\项目1\trunk\rtmplivescreen_mp3444(无live555版本)\Release\vc100.pdb”中寻找)；正在链接对象，如同没有调试信息一样
     1>libfaac.lib(fft.obj) : warning LNK4099: 未找到 PDB“vc100.pdb”(使用“libfaac.lib(fft.obj)”或在“D:\冯骏涛\项目1\trunk\rtmplivescreen_mp3444(无live555版本)\Release\vc100.pdb”中寻找)；正在链接对象，如同没有调试信息一样
     1>libfaac.lib(filtbank.obj) : warning LNK4099: 未找到 PDB“vc100.pdb”(使用“libfaac.lib(filtbank.obj)”或在“D:\冯骏涛\项目1\trunk\rtmplivescreen_mp3444(无live555版本)\Release\vc100.pdb”中寻找)；正在链接对象，如同没有调试信息一样
     1>libfaac.lib(frame.obj) : warning LNK4099: 未找到 PDB“vc100.pdb”(使用“libfaac.lib(frame.obj)”或在“D:\冯骏涛\项目1\trunk\rtmplivescreen_mp3444(无live555版本)\Release\vc100.pdb”中寻找)；正在链接对象，如同没有调试信息一样
     1>libfaac.lib(huffman.obj) : warning LNK4099: 未找到 PDB“vc100.pdb”(使用“libfaac.lib(huffman.obj)”或在“D:\冯骏涛\项目1\trunk\rtmplivescreen_mp3444(无live555版本)\Release\vc100.pdb”中寻找)；正在链接对象，如同没有调试信息一样
     1>libfaac.lib(ltp.obj) : warning LNK4099: 未找到 PDB“vc100.pdb”(使用“libfaac.lib(ltp.obj)”或在“D:\冯骏涛\项目1\trunk\rtmplivescreen_mp3444(无live555版本)\Release\vc100.pdb”中寻找)；正在链接对象，如同没有调试信息一样
     1>libfaac.lib(midside.obj) : warning LNK4099: 未找到 PDB“vc100.pdb”(使用“libfaac.lib(midside.obj)”或在“D:\冯骏涛\项目1\trunk\rtmplivescreen_mp3444(无live555版本)\Release\vc100.pdb”中寻找)；正在链接对象，如同没有调试信息一样
     1>libfaac.lib(psychkni.obj) : warning LNK4099: 未找到 PDB“vc100.pdb”(使用“libfaac.lib(psychkni.obj)”或在“D:\冯骏涛\项目1\trunk\rtmplivescreen_mp3444(无live555版本)\Release\vc100.pdb”中寻找)；正在链接对象，如同没有调试信息一样
     1>libfaac.lib(tns.obj) : warning LNK4099: 未找到 PDB“vc100.pdb”(使用“libfaac.lib(tns.obj)”或在“D:\冯骏涛\项目1\trunk\rtmplivescreen_mp3444(无live555版本)\Release\vc100.pdb”中寻找)；正在链接对象，如同没有调试信息一样
     1>libfaac.lib(util.obj) : warning LNK4099: 未找到 PDB“vc100.pdb”(使用“libfaac.lib(util.obj)”或在“D:\冯骏涛\项目1\trunk\rtmplivescreen_mp3444(无live555版本)\Release\vc100.pdb”中寻找)；正在链接对象，如同没有调试信息一样
     1>libmp3lame.lib(bitstream.obj) : warning LNK4099: 未找到 PDB“vc100.pdb”(使用“libmp3lame.lib(bitstream.obj)”或在“D:\冯骏涛\项目1\trunk\rtmplivescreen_mp3444(无live555版本)\Release\vc100.pdb”中寻找)；正在链接对象，如同没有调试信息一样
     1>libmp3lame.lib(encoder.obj) : warning LNK4099: 未找到 PDB“vc100.pdb”(使用“libmp3lame.lib(encoder.obj)”或在“D:\冯骏涛\项目1\trunk\rtmplivescreen_mp3444(无live555版本)\Release\vc100.pdb”中寻找)；正在链接对象，如同没有调试信息一样
     1>libmp3lame.lib(fft.obj) : warning LNK4099: 未找到 PDB“vc100.pdb”(使用“libmp3lame.lib(fft.obj)”或在“D:\冯骏涛\项目1\trunk\rtmplivescreen_mp3444(无live555版本)\Release\vc100.pdb”中寻找)；正在链接对象，如同没有调试信息一样
     1>libmp3lame.lib(gain_analysis.obj) : warning LNK4099: 未找到 PDB“vc100.pdb”(使用“libmp3lame.lib(gain_analysis.obj)”或在“D:\冯骏涛\项目1\trunk\rtmplivescreen_mp3444(无live555版本)\Release\vc100.pdb”中寻找)；正在链接对象，如同没有调试信息一样
     1>libmp3lame.lib(id3tag.obj) : warning LNK4099: 未找到 PDB“vc100.pdb”(使用“libmp3lame.lib(id3tag.obj)”或在“D:\冯骏涛\项目1\trunk\rtmplivescreen_mp3444(无live555版本)\Release\vc100.pdb”中寻找)；正在链接对象，如同没有调试信息一样
     1>libmp3lame.lib(lame.obj) : warning LNK4099: 未找到 PDB“vc100.pdb”(使用“libmp3lame.lib(lame.obj)”或在“D:\冯骏涛\项目1\trunk\rtmplivescreen_mp3444(无live555版本)\Release\vc100.pdb”中寻找)；正在链接对象，如同没有调试信息一样
     1>libmp3lame.lib(mpglib_interface.obj) : warning LNK4099: 未找到 PDB“vc100.pdb”(使用“libmp3lame.lib(mpglib_interface.obj)”或在“D:\冯骏涛\项目1\trunk\rtmplivescreen_mp3444(无live555版本)\Release\vc100.pdb”中寻找)；正在链接对象，如同没有调试信息一样
     1>libmp3lame.lib(newmdct.obj) : warning LNK4099: 未找到 PDB“vc100.pdb”(使用“libmp3lame.lib(newmdct.obj)”或在“D:\冯骏涛\项目1\trunk\rtmplivescreen_mp3444(无live555版本)\Release\vc100.pdb”中寻找)；正在链接对象，如同没有调试信息一样
     1>libmp3lame.lib(presets.obj) : warning LNK4099: 未找到 PDB“vc100.pdb”(使用“libmp3lame.lib(presets.obj)”或在“D:\冯骏涛\项目1\trunk\rtmplivescreen_mp3444(无live555版本)\Release\vc100.pdb”中寻找)；正在链接对象，如同没有调试信息一样
     1>libmp3lame.lib(psymodel.obj) : warning LNK4099: 未找到 PDB“vc100.pdb”(使用“libmp3lame.lib(psymodel.obj)”或在“D:\冯骏涛\项目1\trunk\rtmplivescreen_mp3444(无live555版本)\Release\vc100.pdb”中寻找)；正在链接对象，如同没有调试信息一样
     1>libmp3lame.lib(quantize.obj) : warning LNK4099: 未找到 PDB“vc100.pdb”(使用“libmp3lame.lib(quantize.obj)”或在“D:\冯骏涛\项目1\trunk\rtmplivescreen_mp3444(无live555版本)\Release\vc100.pdb”中寻找)；正在链接对象，如同没有调试信息一样
     1>libmp3lame.lib(quantize_pvt.obj) : warning LNK4099: 未找到 PDB“vc100.pdb”(使用“libmp3lame.lib(quantize_pvt.obj)”或在“D:\冯骏涛\项目1\trunk\rtmplivescreen_mp3444(无live555版本)\Release\vc100.pdb”中寻找)；正在链接对象，如同没有调试信息一样
     1>libmp3lame.lib(reservoir.obj) : warning LNK4099: 未找到 PDB“vc100.pdb”(使用“libmp3lame.lib(reservoir.obj)”或在“D:\冯骏涛\项目1\trunk\rtmplivescreen_mp3444(无live555版本)\Release\vc100.pdb”中寻找)；正在链接对象，如同没有调试信息一样
     1>libmp3lame.lib(set_get.obj) : warning LNK4099: 未找到 PDB“vc100.pdb”(使用“libmp3lame.lib(set_get.obj)”或在“D:\冯骏涛\项目1\trunk\rtmplivescreen_mp3444(无live555版本)\Release\vc100.pdb”中寻找)；正在链接对象，如同没有调试信息一样
     1>libmp3lame.lib(tables.obj) : warning LNK4099: 未找到 PDB“vc100.pdb”(使用“libmp3lame.lib(tables.obj)”或在“D:\冯骏涛\项目1\trunk\rtmplivescreen_mp3444(无live555版本)\Release\vc100.pdb”中寻找)；正在链接对象，如同没有调试信息一样
     1>libmp3lame.lib(takehiro.obj) : warning LNK4099: 未找到 PDB“vc100.pdb”(使用“libmp3lame.lib(takehiro.obj)”或在“D:\冯骏涛\项目1\trunk\rtmplivescreen_mp3444(无live555版本)\Release\vc100.pdb”中寻找)；正在链接对象，如同没有调试信息一样
     1>libmp3lame.lib(util.obj) : warning LNK4099: 未找到 PDB“vc100.pdb”(使用“libmp3lame.lib(util.obj)”或在“D:\冯骏涛\项目1\trunk\rtmplivescreen_mp3444(无live555版本)\Release\vc100.pdb”中寻找)；正在链接对象，如同没有调试信息一样
     1>libmp3lame.lib(vbrquantize.obj) : warning LNK4099: 未找到 PDB“vc100.pdb”(使用“libmp3lame.lib(vbrquantize.obj)”或在“D:\冯骏涛\项目1\trunk\rtmplivescreen_mp3444(无live555版本)\Release\vc100.pdb”中寻找)；正在链接对象，如同没有调试信息一样
     1>libmp3lame.lib(VbrTag.obj) : warning LNK4099: 未找到 PDB“vc100.pdb”(使用“libmp3lame.lib(VbrTag.obj)”或在“D:\冯骏涛\项目1\trunk\rtmplivescreen_mp3444(无live555版本)\Release\vc100.pdb”中寻找)；正在链接对象，如同没有调试信息一样
     1>libmp3lame.lib(version.obj) : warning LNK4099: 未找到 PDB“vc100.pdb”(使用“libmp3lame.lib(version.obj)”或在“D:\冯骏涛\项目1\trunk\rtmplivescreen_mp3444(无live555版本)\Release\vc100.pdb”中寻找)；正在链接对象，如同没有调试信息一样
     1>libmpghip.lib(common.obj) : warning LNK4099: 未找到 PDB“vc100.pdb”(使用“libmpghip.lib(common.obj)”或在“D:\冯骏涛\项目1\trunk\rtmplivescreen_mp3444(无live555版本)\Release\vc100.pdb”中寻找)；正在链接对象，如同没有调试信息一样
     1>libmpghip.lib(dct64_i386.obj) : warning LNK4099: 未找到 PDB“vc100.pdb”(使用“libmpghip.lib(dct64_i386.obj)”或在“D:\冯骏涛\项目1\trunk\rtmplivescreen_mp3444(无live555版本)\Release\vc100.pdb”中寻找)；正在链接对象，如同没有调试信息一样
     1>libmpghip.lib(decode_i386.obj) : warning LNK4099: 未找到 PDB“vc100.pdb”(使用“libmpghip.lib(decode_i386.obj)”或在“D:\冯骏涛\项目1\trunk\rtmplivescreen_mp3444(无live555版本)\Release\vc100.pdb”中寻找)；正在链接对象，如同没有调试信息一样
     1>libmpghip.lib(interface.obj) : warning LNK4099: 未找到 PDB“vc100.pdb”(使用“libmpghip.lib(interface.obj)”或在“D:\冯骏涛\项目1\trunk\rtmplivescreen_mp3444(无live555版本)\Release\vc100.pdb”中寻找)；正在链接对象，如同没有调试信息一样
     1>libmpghip.lib(layer1.obj) : warning LNK4099: 未找到 PDB“vc100.pdb”(使用“libmpghip.lib(layer1.obj)”或在“D:\冯骏涛\项目1\trunk\rtmplivescreen_mp3444(无live555版本)\Release\vc100.pdb”中寻找)；正在链接对象，如同没有调试信息一样
     1>libmpghip.lib(layer2.obj) : warning LNK4099: 未找到 PDB“vc100.pdb”(使用“libmpghip.lib(layer2.obj)”或在“D:\冯骏涛\项目1\trunk\rtmplivescreen_mp3444(无live555版本)\Release\vc100.pdb”中寻找)；正在链接对象，如同没有调试信息一样
     1>libmpghip.lib(layer3.obj) : warning LNK4099: 未找到 PDB“vc100.pdb”(使用“libmpghip.lib(layer3.obj)”或在“D:\冯骏涛\项目1\trunk\rtmplivescreen_mp3444(无live555版本)\Release\vc100.pdb”中寻找)；正在链接对象，如同没有调试信息一样
     1>libmpghip.lib(tabinit.obj) : warning LNK4099: 未找到 PDB“vc100.pdb”(使用“libmpghip.lib(tabinit.obj)”或在“D:\冯骏涛\项目1\trunk\rtmplivescreen_mp3444(无live555版本)\Release\vc100.pdb”中寻找)；正在链接对象，如同没有调试信息一样
     1>librtmp.lib(zutil.obj) : warning LNK4099: 未找到 PDB“vc100.pdb”(使用“librtmp.lib(zutil.obj)”或在“D:\冯骏涛\项目1\trunk\rtmplivescreen_mp3444(无live555版本)\Release\vc100.pdb”中寻找)；正在链接对象，如同没有调试信息一样
     1>librtmp.lib(inftrees.obj) : warning LNK4099: 未找到 PDB“vc100.pdb”(使用“librtmp.lib(inftrees.obj)”或在“D:\冯骏涛\项目1\trunk\rtmplivescreen_mp3444(无live555版本)\Release\vc100.pdb”中寻找)；正在链接对象，如同没有调试信息一样
     1>librtmp.lib(inflate.obj) : warning LNK4099: 未找到 PDB“vc100.pdb”(使用“librtmp.lib(inflate.obj)”或在“D:\冯骏涛\项目1\trunk\rtmplivescreen_mp3444(无live555版本)\Release\vc100.pdb”中寻找)；正在链接对象，如同没有调试信息一样
     1>librtmp.lib(crc32.obj) : warning LNK4099: 未找到 PDB“vc100.pdb”(使用“librtmp.lib(crc32.obj)”或在“D:\冯骏涛\项目1\trunk\rtmplivescreen_mp3444(无live555版本)\Release\vc100.pdb”中寻找)；正在链接对象，如同没有调试信息一样
     1>librtmp.lib(adler32.obj) : warning LNK4099: 未找到 PDB“vc100.pdb”(使用“librtmp.lib(adler32.obj)”或在“D:\冯骏涛\项目1\trunk\rtmplivescreen_mp3444(无live555版本)\Release\vc100.pdb”中寻找)；正在链接对象，如同没有调试信息一样
     1>librtmp.lib(t1_reneg.obj) : warning LNK4099: 未找到 PDB“lib.pdb”(使用“librtmp.lib(t1_reneg.obj)”或在“D:\冯骏涛\项目1\trunk\rtmplivescreen_mp3444(无live555版本)\Release\lib.pdb”中寻找)；正在链接对象，如同没有调试信息一样
     1>librtmp.lib(ssl_err.obj) : warning LNK4099: 未找到 PDB“lib.pdb”(使用“librtmp.lib(ssl_err.obj)”或在“D:\冯骏涛\项目1\trunk\rtmplivescreen_mp3444(无live555版本)\Release\lib.pdb”中寻找)；正在链接对象，如同没有调试信息一样
     1>librtmp.lib(ssl_algs.obj) : warning LNK4099: 未找到 PDB“lib.pdb”(使用“librtmp.lib(ssl_algs.obj)”或在“D:\冯骏涛\项目1\trunk\rtmplivescreen_mp3444(无live555版本)\Release\lib.pdb”中寻找)；正在链接对象，如同没有调试信息一样
     1>librtmp.lib(ssl_asn1.obj) : warning LNK4099: 未找到 PDB“lib.pdb”(使用“librtmp.lib(ssl_asn1.obj)”或在“D:\冯骏涛\项目1\trunk\rtmplivescreen_mp3444(无live555版本)\Release\lib.pdb”中寻找)；正在链接对象，如同没有调试信息一样
     1>librtmp.lib(ssl_rsa.obj) : warning LNK4099: 未找到 PDB“lib.pdb”(使用“librtmp.lib(ssl_rsa.obj)”或在“D:\冯骏涛\项目1\trunk\rtmplivescreen_mp3444(无live555版本)\Release\lib.pdb”中寻找)；正在链接对象，如同没有调试信息一样
     1>librtmp.lib(ssl_ciph.obj) : warning LNK4099: 未找到 PDB“lib.pdb”(使用“librtmp.lib(ssl_ciph.obj)”或在“D:\冯骏涛\项目1\trunk\rtmplivescreen_mp3444(无live555版本)\Release\lib.pdb”中寻找)；正在链接对象，如同没有调试信息一样
     1>librtmp.lib(ssl_sess.obj) : warning LNK4099: 未找到 PDB“lib.pdb”(使用“librtmp.lib(ssl_sess.obj)”或在“D:\冯骏涛\项目1\trunk\rtmplivescreen_mp3444(无live555版本)\Release\lib.pdb”中寻找)；正在链接对象，如同没有调试信息一样
     1>librtmp.lib(ssl_cert.obj) : warning LNK4099: 未找到 PDB“lib.pdb”(使用“librtmp.lib(ssl_cert.obj)”或在“D:\冯骏涛\项目1\trunk\rtmplivescreen_mp3444(无live555版本)\Release\lib.pdb”中寻找)；正在链接对象，如同没有调试信息一样
     1>librtmp.lib(ssl_err2.obj) : warning LNK4099: 未找到 PDB“lib.pdb”(使用“librtmp.lib(ssl_err2.obj)”或在“D:\冯骏涛\项目1\trunk\rtmplivescreen_mp3444(无live555版本)\Release\lib.pdb”中寻找)；正在链接对象，如同没有调试信息一样
     1>librtmp.lib(ssl_lib.obj) : warning LNK4099: 未找到 PDB“lib.pdb”(使用“librtmp.lib(ssl_lib.obj)”或在“D:\冯骏涛\项目1\trunk\rtmplivescreen_mp3444(无live555版本)\Release\lib.pdb”中寻找)；正在链接对象，如同没有调试信息一样
     1>librtmp.lib(t1_enc.obj) : warning LNK4099: 未找到 PDB“lib.pdb”(使用“librtmp.lib(t1_enc.obj)”或在“D:\冯骏涛\项目1\trunk\rtmplivescreen_mp3444(无live555版本)\Release\lib.pdb”中寻找)；正在链接对象，如同没有调试信息一样
     1>librtmp.lib(t1_lib.obj) : warning LNK4099: 未找到 PDB“lib.pdb”(使用“librtmp.lib(t1_lib.obj)”或在“D:\冯骏涛\项目1\trunk\rtmplivescreen_mp3444(无live555版本)\Release\lib.pdb”中寻找)；正在链接对象，如同没有调试信息一样
     1>librtmp.lib(t1_clnt.obj) : warning LNK4099: 未找到 PDB“lib.pdb”(使用“librtmp.lib(t1_clnt.obj)”或在“D:\冯骏涛\项目1\trunk\rtmplivescreen_mp3444(无live555版本)\Release\lib.pdb”中寻找)；正在链接对象，如同没有调试信息一样
     1>librtmp.lib(t1_srvr.obj) : warning LNK4099: 未找到 PDB“lib.pdb”(使用“librtmp.lib(t1_srvr.obj)”或在“D:\冯骏涛\项目1\trunk\rtmplivescreen_mp3444(无live555版本)\Release\lib.pdb”中寻找)；正在链接对象，如同没有调试信息一样
     1>librtmp.lib(t1_meth.obj) : warning LNK4099: 未找到 PDB“lib.pdb”(使用“librtmp.lib(t1_meth.obj)”或在“D:\冯骏涛\项目1\trunk\rtmplivescreen_mp3444(无live555版本)\Release\lib.pdb”中寻找)；正在链接对象，如同没有调试信息一样
     1>librtmp.lib(s23_pkt.obj) : warning LNK4099: 未找到 PDB“lib.pdb”(使用“librtmp.lib(s23_pkt.obj)”或在“D:\冯骏涛\项目1\trunk\rtmplivescreen_mp3444(无live555版本)\Release\lib.pdb”中寻找)；正在链接对象，如同没有调试信息一样
     1>librtmp.lib(s23_lib.obj) : warning LNK4099: 未找到 PDB“lib.pdb”(使用“librtmp.lib(s23_lib.obj)”或在“D:\冯骏涛\项目1\trunk\rtmplivescreen_mp3444(无live555版本)\Release\lib.pdb”中寻找)；正在链接对象，如同没有调试信息一样
     1>librtmp.lib(s23_clnt.obj) : warning LNK4099: 未找到 PDB“lib.pdb”(使用“librtmp.lib(s23_clnt.obj)”或在“D:\冯骏涛\项目1\trunk\rtmplivescreen_mp3444(无live555版本)\Release\lib.pdb”中寻找)；正在链接对象，如同没有调试信息一样
     1>librtmp.lib(s23_srvr.obj) : warning LNK4099: 未找到 PDB“lib.pdb”(使用“librtmp.lib(s23_srvr.obj)”或在“D:\冯骏涛\项目1\trunk\rtmplivescreen_mp3444(无live555版本)\Release\lib.pdb”中寻找)；正在链接对象，如同没有调试信息一样
     1>librtmp.lib(s23_meth.obj) : warning LNK4099: 未找到 PDB“lib.pdb”(使用“librtmp.lib(s23_meth.obj)”或在“D:\冯骏涛\项目1\trunk\rtmplivescreen_mp3444(无live555版本)\Release\lib.pdb”中寻找)；正在链接对象，如同没有调试信息一样
     1>librtmp.lib(s3_both.obj) : warning LNK4099: 未找到 PDB“lib.pdb”(使用“librtmp.lib(s3_both.obj)”或在“D:\冯骏涛\项目1\trunk\rtmplivescreen_mp3444(无live555版本)\Release\lib.pdb”中寻找)；正在链接对象，如同没有调试信息一样
     1>librtmp.lib(s3_pkt.obj) : warning LNK4099: 未找到 PDB“lib.pdb”(使用“librtmp.lib(s3_pkt.obj)”或在“D:\冯骏涛\项目1\trunk\rtmplivescreen_mp3444(无live555版本)\Release\lib.pdb”中寻找)；正在链接对象，如同没有调试信息一样
     1>librtmp.lib(s3_enc.obj) : warning LNK4099: 未找到 PDB“lib.pdb”(使用“librtmp.lib(s3_enc.obj)”或在“D:\冯骏涛\项目1\trunk\rtmplivescreen_mp3444(无live555版本)\Release\lib.pdb”中寻找)；正在链接对象，如同没有调试信息一样
     1>librtmp.lib(s3_lib.obj) : warning LNK4099: 未找到 PDB“lib.pdb”(使用“librtmp.lib(s3_lib.obj)”或在“D:\冯骏涛\项目1\trunk\rtmplivescreen_mp3444(无live555版本)\Release\lib.pdb”中寻找)；正在链接对象，如同没有调试信息一样
     1>librtmp.lib(s3_clnt.obj) : warning LNK4099: 未找到 PDB“lib.pdb”(使用“librtmp.lib(s3_clnt.obj)”或在“D:\冯骏涛\项目1\trunk\rtmplivescreen_mp3444(无live555版本)\Release\lib.pdb”中寻找)；正在链接对象，如同没有调试信息一样
     1>librtmp.lib(s3_srvr.obj) : warning LNK4099: 未找到 PDB“lib.pdb”(使用“librtmp.lib(s3_srvr.obj)”或在“D:\冯骏涛\项目1\trunk\rtmplivescreen_mp3444(无live555版本)\Release\lib.pdb”中寻找)；正在链接对象，如同没有调试信息一样
     1>librtmp.lib(s3_meth.obj) : warning LNK4099: 未找到 PDB“lib.pdb”(使用“librtmp.lib(s3_meth.obj)”或在“D:\冯骏涛\项目1\trunk\rtmplivescreen_mp3444(无live555版本)\Release\lib.pdb”中寻找)；正在链接对象，如同没有调试信息一样
     1>librtmp.lib(s2_pkt.obj) : warning LNK4099: 未找到 PDB“lib.pdb”(使用“librtmp.lib(s2_pkt.obj)”或在“D:\冯骏涛\项目1\trunk\rtmplivescreen_mp3444(无live555版本)\Release\lib.pdb”中寻找)；正在链接对象，如同没有调试信息一样
     1>librtmp.lib(s2_enc.obj) : warning LNK4099: 未找到 PDB“lib.pdb”(使用“librtmp.lib(s2_enc.obj)”或在“D:\冯骏涛\项目1\trunk\rtmplivescreen_mp3444(无live555版本)\Release\lib.pdb”中寻找)；正在链接对象，如同没有调试信息一样
     1>librtmp.lib(s2_lib.obj) : warning LNK4099: 未找到 PDB“lib.pdb”(使用“librtmp.lib(s2_lib.obj)”或在“D:\冯骏涛\项目1\trunk\rtmplivescreen_mp3444(无live555版本)\Release\lib.pdb”中寻找)；正在链接对象，如同没有调试信息一样
     1>librtmp.lib(s2_clnt.obj) : warning LNK4099: 未找到 PDB“lib.pdb”(使用“librtmp.lib(s2_clnt.obj)”或在“D:\冯骏涛\项目1\trunk\rtmplivescreen_mp3444(无live555版本)\Release\lib.pdb”中寻找)；正在链接对象，如同没有调试信息一样
     1>librtmp.lib(s2_srvr.obj) : warning LNK4099: 未找到 PDB“lib.pdb”(使用“librtmp.lib(s2_srvr.obj)”或在“D:\冯骏涛\项目1\trunk\rtmplivescreen_mp3444(无live555版本)\Release\lib.pdb”中寻找)；正在链接对象，如同没有调试信息一样
     1>librtmp.lib(s2_meth.obj) : warning LNK4099: 未找到 PDB“lib.pdb”(使用“librtmp.lib(s2_meth.obj)”或在“D:\冯骏涛\项目1\trunk\rtmplivescreen_mp3444(无live555版本)\Release\lib.pdb”中寻找)；正在链接对象，如同没有调试信息一样
     1>librtmp.lib(ts_err.obj) : warning LNK4099: 未找到 PDB“lib.pdb”(使用“librtmp.lib(ts_err.obj)”或在“D:\冯骏涛\项目1\trunk\rtmplivescreen_mp3444(无live555版本)\Release\lib.pdb”中寻找)；正在链接对象，如同没有调试信息一样
     1>librtmp.lib(wp_block.obj) : warning LNK4099: 未找到 PDB“lib.pdb”(使用“librtmp.lib(wp_block.obj)”或在“D:\冯骏涛\项目1\trunk\rtmplivescreen_mp3444(无live555版本)\Release\lib.pdb”中寻找)；正在链接对象，如同没有调试信息一样
     1>librtmp.lib(wp_dgst.obj) : warning LNK4099: 未找到 PDB“lib.pdb”(使用“librtmp.lib(wp_dgst.obj)”或在“D:\冯骏涛\项目1\trunk\rtmplivescreen_mp3444(无live555版本)\Release\lib.pdb”中寻找)；正在链接对象，如同没有调试信息一样
     1>librtmp.lib(ui_openssl.obj) : warning LNK4099: 未找到 PDB“lib.pdb”(使用“librtmp.lib(ui_openssl.obj)”或在“D:\冯骏涛\项目1\trunk\rtmplivescreen_mp3444(无live555版本)\Release\lib.pdb”中寻找)；正在链接对象，如同没有调试信息一样
     1>librtmp.lib(ui_lib.obj) : warning LNK4099: 未找到 PDB“lib.pdb”(使用“librtmp.lib(ui_lib.obj)”或在“D:\冯骏涛\项目1\trunk\rtmplivescreen_mp3444(无live555版本)\Release\lib.pdb”中寻找)；正在链接对象，如同没有调试信息一样
     1>librtmp.lib(ui_err.obj) : warning LNK4099: 未找到 PDB“lib.pdb”(使用“librtmp.lib(ui_err.obj)”或在“D:\冯骏涛\项目1\trunk\rtmplivescreen_mp3444(无live555版本)\Release\lib.pdb”中寻找)；正在链接对象，如同没有调试信息一样
     1>librtmp.lib(ocsp_err.obj) : warning LNK4099: 未找到 PDB“lib.pdb”(使用“librtmp.lib(ocsp_err.obj)”或在“D:\冯骏涛\项目1\trunk\rtmplivescreen_mp3444(无live555版本)\Release\lib.pdb”中寻找)；正在链接对象，如同没有调试信息一样
     1>librtmp.lib(ocsp_asn.obj) : warning LNK4099: 未找到 PDB“lib.pdb”(使用“librtmp.lib(ocsp_asn.obj)”或在“D:\冯骏涛\项目1\trunk\rtmplivescreen_mp3444(无live555版本)\Release\lib.pdb”中寻找)；正在链接对象，如同没有调试信息一样
     1>librtmp.lib(tb_asnmth.obj) : warning LNK4099: 未找到 PDB“lib.pdb”(使用“librtmp.lib(tb_asnmth.obj)”或在“D:\冯骏涛\项目1\trunk\rtmplivescreen_mp3444(无live555版本)\Release\lib.pdb”中寻找)；正在链接对象，如同没有调试信息一样
     1>librtmp.lib(tb_pkmeth.obj) : warning LNK4099: 未找到 PDB“lib.pdb”(使用“librtmp.lib(tb_pkmeth.obj)”或在“D:\冯骏涛\项目1\trunk\rtmplivescreen_mp3444(无live555版本)\Release\lib.pdb”中寻找)；正在链接对象，如同没有调试信息一样
     1>librtmp.lib(tb_digest.obj) : warning LNK4099: 未找到 PDB“lib.pdb”(使用“librtmp.lib(tb_digest.obj)”或在“D:\冯骏涛\项目1\trunk\rtmplivescreen_mp3444(无live555版本)\Release\lib.pdb”中寻找)；正在链接对象，如同没有调试信息一样
     1>librtmp.lib(tb_cipher.obj) : warning LNK4099: 未找到 PDB“lib.pdb”(使用“librtmp.lib(tb_cipher.obj)”或在“D:\冯骏涛\项目1\trunk\rtmplivescreen_mp3444(无live555版本)\Release\lib.pdb”中寻找)；正在链接对象，如同没有调试信息一样
     1>librtmp.lib(tb_rand.obj) : warning LNK4099: 未找到 PDB“lib.pdb”(使用“librtmp.lib(tb_rand.obj)”或在“D:\冯骏涛\项目1\trunk\rtmplivescreen_mp3444(无live555版本)\Release\lib.pdb”中寻找)；正在链接对象，如同没有调试信息一样
     1>librtmp.lib(tb_ecdh.obj) : warning LNK4099: 未找到 PDB“lib.pdb”(使用“librtmp.lib(tb_ecdh.obj)”或在“D:\冯骏涛\项目1\trunk\rtmplivescreen_mp3444(无live555版本)\Release\lib.pdb”中寻找)；正在链接对象，如同没有调试信息一样
     1>librtmp.lib(tb_dh.obj) : warning LNK4099: 未找到 PDB“lib.pdb”(使用“librtmp.lib(tb_dh.obj)”或在“D:\冯骏涛\项目1\trunk\rtmplivescreen_mp3444(无live555版本)\Release\lib.pdb”中寻找)；正在链接对象，如同没有调试信息一样
     1>librtmp.lib(tb_ecdsa.obj) : warning LNK4099: 未找到 PDB“lib.pdb”(使用“librtmp.lib(tb_ecdsa.obj)”或在“D:\冯骏涛\项目1\trunk\rtmplivescreen_mp3444(无live555版本)\Release\lib.pdb”中寻找)；正在链接对象，如同没有调试信息一样
     1>librtmp.lib(tb_dsa.obj) : warning LNK4099: 未找到 PDB“lib.pdb”(使用“librtmp.lib(tb_dsa.obj)”或在“D:\冯骏涛\项目1\trunk\rtmplivescreen_mp3444(无live555版本)\Release\lib.pdb”中寻找)；正在链接对象，如同没有调试信息一样
     1>librtmp.lib(tb_rsa.obj) : warning LNK4099: 未找到 PDB“lib.pdb”(使用“librtmp.lib(tb_rsa.obj)”或在“D:\冯骏涛\项目1\trunk\rtmplivescreen_mp3444(无live555版本)\Release\lib.pdb”中寻找)；正在链接对象，如同没有调试信息一样
     1>librtmp.lib(eng_pkey.obj) : warning LNK4099: 未找到 PDB“lib.pdb”(使用“librtmp.lib(eng_pkey.obj)”或在“D:\冯骏涛\项目1\trunk\rtmplivescreen_mp3444(无live555版本)\Release\lib.pdb”中寻找)；正在链接对象，如同没有调试信息一样
     1>librtmp.lib(eng_table.obj) : warning LNK4099: 未找到 PDB“lib.pdb”(使用“librtmp.lib(eng_table.obj)”或在“D:\冯骏涛\项目1\trunk\rtmplivescreen_mp3444(无live555版本)\Release\lib.pdb”中寻找)；正在链接对象，如同没有调试信息一样
     1>librtmp.lib(eng_ctrl.obj) : warning LNK4099: 未找到 PDB“lib.pdb”(使用“librtmp.lib(eng_ctrl.obj)”或在“D:\冯骏涛\项目1\trunk\rtmplivescreen_mp3444(无live555版本)\Release\lib.pdb”中寻找)；正在链接对象，如同没有调试信息一样
     1>librtmp.lib(eng_init.obj) : warning LNK4099: 未找到 PDB“lib.pdb”(使用“librtmp.lib(eng_init.obj)”或在“D:\冯骏涛\项目1\trunk\rtmplivescreen_mp3444(无live555版本)\Release\lib.pdb”中寻找)；正在链接对象，如同没有调试信息一样
     1>librtmp.lib(eng_list.obj) : warning LNK4099: 未找到 PDB“lib.pdb”(使用“librtmp.lib(eng_list.obj)”或在“D:\冯骏涛\项目1\trunk\rtmplivescreen_mp3444(无live555版本)\Release\lib.pdb”中寻找)；正在链接对象，如同没有调试信息一样
     1>librtmp.lib(eng_lib.obj) : warning LNK4099: 未找到 PDB“lib.pdb”(使用“librtmp.lib(eng_lib.obj)”或在“D:\冯骏涛\项目1\trunk\rtmplivescreen_mp3444(无live555版本)\Release\lib.pdb”中寻找)；正在链接对象，如同没有调试信息一样
     1>librtmp.lib(eng_err.obj) : warning LNK4099: 未找到 PDB“lib.pdb”(使用“librtmp.lib(eng_err.obj)”或在“D:\冯骏涛\项目1\trunk\rtmplivescreen_mp3444(无live555版本)\Release\lib.pdb”中寻找)；正在链接对象，如同没有调试信息一样
     1>librtmp.lib(c_zlib.obj) : warning LNK4099: 未找到 PDB“lib.pdb”(使用“librtmp.lib(c_zlib.obj)”或在“D:\冯骏涛\项目1\trunk\rtmplivescreen_mp3444(无live555版本)\Release\lib.pdb”中寻找)；正在链接对象，如同没有调试信息一样
     1>librtmp.lib(comp_err.obj) : warning LNK4099: 未找到 PDB“lib.pdb”(使用“librtmp.lib(comp_err.obj)”或在“D:\冯骏涛\项目1\trunk\rtmplivescreen_mp3444(无live555版本)\Release\lib.pdb”中寻找)；正在链接对象，如同没有调试信息一样
     1>librtmp.lib(comp_lib.obj) : warning LNK4099: 未找到 PDB“lib.pdb”(使用“librtmp.lib(comp_lib.obj)”或在“D:\冯骏涛\项目1\trunk\rtmplivescreen_mp3444(无live555版本)\Release\lib.pdb”中寻找)；正在链接对象，如同没有调试信息一样
     1>librtmp.lib(p12_p8e.obj) : warning LNK4099: 未找到 PDB“lib.pdb”(使用“librtmp.lib(p12_p8e.obj)”或在“D:\冯骏涛\项目1\trunk\rtmplivescreen_mp3444(无live555版本)\Release\lib.pdb”中寻找)；正在链接对象，如同没有调试信息一样
     1>librtmp.lib(p12_p8d.obj) : warning LNK4099: 未找到 PDB“lib.pdb”(使用“librtmp.lib(p12_p8d.obj)”或在“D:\冯骏涛\项目1\trunk\rtmplivescreen_mp3444(无live555版本)\Release\lib.pdb”中寻找)；正在链接对象，如同没有调试信息一样
     1>librtmp.lib(pk12err.obj) : warning LNK4099: 未找到 PDB“lib.pdb”(使用“librtmp.lib(pk12err.obj)”或在“D:\冯骏涛\项目1\trunk\rtmplivescreen_mp3444(无live555版本)\Release\lib.pdb”中寻找)；正在链接对象，如同没有调试信息一样
     1>librtmp.lib(p12_utl.obj) : warning LNK4099: 未找到 PDB“lib.pdb”(使用“librtmp.lib(p12_utl.obj)”或在“D:\冯骏涛\项目1\trunk\rtmplivescreen_mp3444(无live555版本)\Release\lib.pdb”中寻找)；正在链接对象，如同没有调试信息一样
     1>librtmp.lib(p12_key.obj) : warning LNK4099: 未找到 PDB“lib.pdb”(使用“librtmp.lib(p12_key.obj)”或在“D:\冯骏涛\项目1\trunk\rtmplivescreen_mp3444(无live555版本)\Release\lib.pdb”中寻找)；正在链接对象，如同没有调试信息一样
     1>librtmp.lib(p12_decr.obj) : warning LNK4099: 未找到 PDB“lib.pdb”(使用“librtmp.lib(p12_decr.obj)”或在“D:\冯骏涛\项目1\trunk\rtmplivescreen_mp3444(无live555版本)\Release\lib.pdb”中寻找)；正在链接对象，如同没有调试信息一样
     1>librtmp.lib(p12_crpt.obj) : warning LNK4099: 未找到 PDB“lib.pdb”(使用“librtmp.lib(p12_crpt.obj)”或在“D:\冯骏涛\项目1\trunk\rtmplivescreen_mp3444(无live555版本)\Release\lib.pdb”中寻找)；正在链接对象，如同没有调试信息一样
     1>librtmp.lib(p12_asn.obj) : warning LNK4099: 未找到 PDB“lib.pdb”(使用“librtmp.lib(p12_asn.obj)”或在“D:\冯骏涛\项目1\trunk\rtmplivescreen_mp3444(无live555版本)\Release\lib.pdb”中寻找)；正在链接对象，如同没有调试信息一样
     1>librtmp.lib(p12_add.obj) : warning LNK4099: 未找到 PDB“lib.pdb”(使用“librtmp.lib(p12_add.obj)”或在“D:\冯骏涛\项目1\trunk\rtmplivescreen_mp3444(无live555版本)\Release\lib.pdb”中寻找)；正在链接对象，如同没有调试信息一样
     1>librtmp.lib(pk7_attr.obj) : warning LNK4099: 未找到 PDB“lib.pdb”(使用“librtmp.lib(pk7_attr.obj)”或在“D:\冯骏涛\项目1\trunk\rtmplivescreen_mp3444(无live555版本)\Release\lib.pdb”中寻找)；正在链接对象，如同没有调试信息一样
     1>librtmp.lib(pk7_doit.obj) : warning LNK4099: 未找到 PDB“lib.pdb”(使用“librtmp.lib(pk7_doit.obj)”或在“D:\冯骏涛\项目1\trunk\rtmplivescreen_mp3444(无live555版本)\Release\lib.pdb”中寻找)；正在链接对象，如同没有调试信息一样
     1>librtmp.lib(pkcs7err.obj) : warning LNK4099: 未找到 PDB“lib.pdb”(使用“librtmp.lib(pkcs7err.obj)”或在“D:\冯骏涛\项目1\trunk\rtmplivescreen_mp3444(无live555版本)\Release\lib.pdb”中寻找)；正在链接对象，如同没有调试信息一样
     1>librtmp.lib(pk7_lib.obj) : warning LNK4099: 未找到 PDB“lib.pdb”(使用“librtmp.lib(pk7_lib.obj)”或在“D:\冯骏涛\项目1\trunk\rtmplivescreen_mp3444(无live555版本)\Release\lib.pdb”中寻找)；正在链接对象，如同没有调试信息一样
     1>librtmp.lib(pk7_asn1.obj) : warning LNK4099: 未找到 PDB“lib.pdb”(使用“librtmp.lib(pk7_asn1.obj)”或在“D:\冯骏涛\项目1\trunk\rtmplivescreen_mp3444(无live555版本)\Release\lib.pdb”中寻找)；正在链接对象，如同没有调试信息一样
     1>librtmp.lib(conf_mod.obj) : warning LNK4099: 未找到 PDB“lib.pdb”(使用“librtmp.lib(conf_mod.obj)”或在“D:\冯骏涛\项目1\trunk\rtmplivescreen_mp3444(无live555版本)\Release\lib.pdb”中寻找)；正在链接对象，如同没有调试信息一样
     1>librtmp.lib(conf_def.obj) : warning LNK4099: 未找到 PDB“lib.pdb”(使用“librtmp.lib(conf_def.obj)”或在“D:\冯骏涛\项目1\trunk\rtmplivescreen_mp3444(无live555版本)\Release\lib.pdb”中寻找)；正在链接对象，如同没有调试信息一样
     1>librtmp.lib(conf_api.obj) : warning LNK4099: 未找到 PDB“lib.pdb”(使用“librtmp.lib(conf_api.obj)”或在“D:\冯骏涛\项目1\trunk\rtmplivescreen_mp3444(无live555版本)\Release\lib.pdb”中寻找)；正在链接对象，如同没有调试信息一样
     1>librtmp.lib(conf_lib.obj) : warning LNK4099: 未找到 PDB“lib.pdb”(使用“librtmp.lib(conf_lib.obj)”或在“D:\冯骏涛\项目1\trunk\rtmplivescreen_mp3444(无live555版本)\Release\lib.pdb”中寻找)；正在链接对象，如同没有调试信息一样
     1>librtmp.lib(conf_err.obj) : warning LNK4099: 未找到 PDB“lib.pdb”(使用“librtmp.lib(conf_err.obj)”或在“D:\冯骏涛\项目1\trunk\rtmplivescreen_mp3444(无live555版本)\Release\lib.pdb”中寻找)；正在链接对象，如同没有调试信息一样
     1>librtmp.lib(cms_enc.obj) : warning LNK4099: 未找到 PDB“lib.pdb”(使用“librtmp.lib(cms_enc.obj)”或在“D:\冯骏涛\项目1\trunk\rtmplivescreen_mp3444(无live555版本)\Release\lib.pdb”中寻找)；正在链接对象，如同没有调试信息一样
     1>librtmp.lib(cms_env.obj) : warning LNK4099: 未找到 PDB“lib.pdb”(使用“librtmp.lib(cms_env.obj)”或在“D:\冯骏涛\项目1\trunk\rtmplivescreen_mp3444(无live555版本)\Release\lib.pdb”中寻找)；正在链接对象，如同没有调试信息一样
     1>librtmp.lib(cms_dd.obj) : warning LNK4099: 未找到 PDB“lib.pdb”(使用“librtmp.lib(cms_dd.obj)”或在“D:\冯骏涛\项目1\trunk\rtmplivescreen_mp3444(无live555版本)\Release\lib.pdb”中寻找)；正在链接对象，如同没有调试信息一样
     1>librtmp.lib(cms_sd.obj) : warning LNK4099: 未找到 PDB“lib.pdb”(使用“librtmp.lib(cms_sd.obj)”或在“D:\冯骏涛\项目1\trunk\rtmplivescreen_mp3444(无live555版本)\Release\lib.pdb”中寻找)；正在链接对象，如同没有调试信息一样
     1>librtmp.lib(cms_err.obj) : warning LNK4099: 未找到 PDB“lib.pdb”(使用“librtmp.lib(cms_err.obj)”或在“D:\冯骏涛\项目1\trunk\rtmplivescreen_mp3444(无live555版本)\Release\lib.pdb”中寻找)；正在链接对象，如同没有调试信息一样
     1>librtmp.lib(cms_io.obj) : warning LNK4099: 未找到 PDB“lib.pdb”(使用“librtmp.lib(cms_io.obj)”或在“D:\冯骏涛\项目1\trunk\rtmplivescreen_mp3444(无live555版本)\Release\lib.pdb”中寻找)；正在链接对象，如同没有调试信息一样
     1>librtmp.lib(cms_att.obj) : warning LNK4099: 未找到 PDB“lib.pdb”(使用“librtmp.lib(cms_att.obj)”或在“D:\冯骏涛\项目1\trunk\rtmplivescreen_mp3444(无live555版本)\Release\lib.pdb”中寻找)；正在链接对象，如同没有调试信息一样
     1>librtmp.lib(cms_asn1.obj) : warning LNK4099: 未找到 PDB“lib.pdb”(使用“librtmp.lib(cms_asn1.obj)”或在“D:\冯骏涛\项目1\trunk\rtmplivescreen_mp3444(无live555版本)\Release\lib.pdb”中寻找)；正在链接对象，如同没有调试信息一样
     1>librtmp.lib(cms_lib.obj) : warning LNK4099: 未找到 PDB“lib.pdb”(使用“librtmp.lib(cms_lib.obj)”或在“D:\冯骏涛\项目1\trunk\rtmplivescreen_mp3444(无live555版本)\Release\lib.pdb”中寻找)；正在链接对象，如同没有调试信息一样
     1>librtmp.lib(pcy_lib.obj) : warning LNK4099: 未找到 PDB“lib.pdb”(使用“librtmp.lib(pcy_lib.obj)”或在“D:\冯骏涛\项目1\trunk\rtmplivescreen_mp3444(无live555版本)\Release\lib.pdb”中寻找)；正在链接对象，如同没有调试信息一样
     1>librtmp.lib(pcy_tree.obj) : warning LNK4099: 未找到 PDB“lib.pdb”(使用“librtmp.lib(pcy_tree.obj)”或在“D:\冯骏涛\项目1\trunk\rtmplivescreen_mp3444(无live555版本)\Release\lib.pdb”中寻找)；正在链接对象，如同没有调试信息一样
     1>librtmp.lib(pcy_map.obj) : warning LNK4099: 未找到 PDB“lib.pdb”(使用“librtmp.lib(pcy_map.obj)”或在“D:\冯骏涛\项目1\trunk\rtmplivescreen_mp3444(无live555版本)\Release\lib.pdb”中寻找)；正在链接对象，如同没有调试信息一样
     1>librtmp.lib(pcy_data.obj) : warning LNK4099: 未找到 PDB“lib.pdb”(使用“librtmp.lib(pcy_data.obj)”或在“D:\冯骏涛\项目1\trunk\rtmplivescreen_mp3444(无live555版本)\Release\lib.pdb”中寻找)；正在链接对象，如同没有调试信息一样
     1>librtmp.lib(pcy_node.obj) : warning LNK4099: 未找到 PDB“lib.pdb”(使用“librtmp.lib(pcy_node.obj)”或在“D:\冯骏涛\项目1\trunk\rtmplivescreen_mp3444(无live555版本)\Release\lib.pdb”中寻找)；正在链接对象，如同没有调试信息一样
     1>librtmp.lib(pcy_cache.obj) : warning LNK4099: 未找到 PDB“lib.pdb”(使用“librtmp.lib(pcy_cache.obj)”或在“D:\冯骏涛\项目1\trunk\rtmplivescreen_mp3444(无live555版本)\Release\lib.pdb”中寻找)；正在链接对象，如同没有调试信息一样
     1>librtmp.lib(v3_pci.obj) : warning LNK4099: 未找到 PDB“lib.pdb”(使用“librtmp.lib(v3_pci.obj)”或在“D:\冯骏涛\项目1\trunk\rtmplivescreen_mp3444(无live555版本)\Release\lib.pdb”中寻找)；正在链接对象，如同没有调试信息一样
     1>librtmp.lib(v3_pcia.obj) : warning LNK4099: 未找到 PDB“lib.pdb”(使用“librtmp.lib(v3_pcia.obj)”或在“D:\冯骏涛\项目1\trunk\rtmplivescreen_mp3444(无live555版本)\Release\lib.pdb”中寻找)；正在链接对象，如同没有调试信息一样
     1>librtmp.lib(v3_ncons.obj) : warning LNK4099: 未找到 PDB“lib.pdb”(使用“librtmp.lib(v3_ncons.obj)”或在“D:\冯骏涛\项目1\trunk\rtmplivescreen_mp3444(无live555版本)\Release\lib.pdb”中寻找)；正在链接对象，如同没有调试信息一样
     1>librtmp.lib(v3_pcons.obj) : warning LNK4099: 未找到 PDB“lib.pdb”(使用“librtmp.lib(v3_pcons.obj)”或在“D:\冯骏涛\项目1\trunk\rtmplivescreen_mp3444(无live555版本)\Release\lib.pdb”中寻找)；正在链接对象，如同没有调试信息一样
     1>librtmp.lib(v3_pmaps.obj) : warning LNK4099: 未找到 PDB“lib.pdb”(使用“librtmp.lib(v3_pmaps.obj)”或在“D:\冯骏涛\项目1\trunk\rtmplivescreen_mp3444(无live555版本)\Release\lib.pdb”中寻找)；正在链接对象，如同没有调试信息一样
     1>librtmp.lib(v3_akeya.obj) : warning LNK4099: 未找到 PDB“lib.pdb”(使用“librtmp.lib(v3_akeya.obj)”或在“D:\冯骏涛\项目1\trunk\rtmplivescreen_mp3444(无live555版本)\Release\lib.pdb”中寻找)；正在链接对象，如同没有调试信息一样
     1>librtmp.lib(v3_ocsp.obj) : warning LNK4099: 未找到 PDB“lib.pdb”(使用“librtmp.lib(v3_ocsp.obj)”或在“D:\冯骏涛\项目1\trunk\rtmplivescreen_mp3444(无live555版本)\Release\lib.pdb”中寻找)；正在链接对象，如同没有调试信息一样
     1>librtmp.lib(v3_info.obj) : warning LNK4099: 未找到 PDB“lib.pdb”(使用“librtmp.lib(v3_info.obj)”或在“D:\冯骏涛\项目1\trunk\rtmplivescreen_mp3444(无live555版本)\Release\lib.pdb”中寻找)；正在链接对象，如同没有调试信息一样
     1>librtmp.lib(v3_purp.obj) : warning LNK4099: 未找到 PDB“lib.pdb”(使用“librtmp.lib(v3_purp.obj)”或在“D:\冯骏涛\项目1\trunk\rtmplivescreen_mp3444(无live555版本)\Release\lib.pdb”中寻找)；正在链接对象，如同没有调试信息一样
     1>librtmp.lib(v3_crld.obj) : warning LNK4099: 未找到 PDB“lib.pdb”(使用“librtmp.lib(v3_crld.obj)”或在“D:\冯骏涛\项目1\trunk\rtmplivescreen_mp3444(无live555版本)\Release\lib.pdb”中寻找)；正在链接对象，如同没有调试信息一样
     1>librtmp.lib(v3_cpols.obj) : warning LNK4099: 未找到 PDB“lib.pdb”(使用“librtmp.lib(v3_cpols.obj)”或在“D:\冯骏涛\项目1\trunk\rtmplivescreen_mp3444(无live555版本)\Release\lib.pdb”中寻找)；正在链接对象，如同没有调试信息一样
     1>librtmp.lib(v3_sxnet.obj) : warning LNK4099: 未找到 PDB“lib.pdb”(使用“librtmp.lib(v3_sxnet.obj)”或在“D:\冯骏涛\项目1\trunk\rtmplivescreen_mp3444(无live555版本)\Release\lib.pdb”中寻找)；正在链接对象，如同没有调试信息一样
     1>librtmp.lib(v3_enum.obj) : warning LNK4099: 未找到 PDB“lib.pdb”(使用“librtmp.lib(v3_enum.obj)”或在“D:\冯骏涛\项目1\trunk\rtmplivescreen_mp3444(无live555版本)\Release\lib.pdb”中寻找)；正在链接对象，如同没有调试信息一样
     1>librtmp.lib(v3_int.obj) : warning LNK4099: 未找到 PDB“lib.pdb”(使用“librtmp.lib(v3_int.obj)”或在“D:\冯骏涛\项目1\trunk\rtmplivescreen_mp3444(无live555版本)\Release\lib.pdb”中寻找)；正在链接对象，如同没有调试信息一样
     1>librtmp.lib(v3_pku.obj) : warning LNK4099: 未找到 PDB“lib.pdb”(使用“librtmp.lib(v3_pku.obj)”或在“D:\冯骏涛\项目1\trunk\rtmplivescreen_mp3444(无live555版本)\Release\lib.pdb”中寻找)；正在链接对象，如同没有调试信息一样
     1>librtmp.lib(v3_akey.obj) : warning LNK4099: 未找到 PDB“lib.pdb”(使用“librtmp.lib(v3_akey.obj)”或在“D:\冯骏涛\项目1\trunk\rtmplivescreen_mp3444(无live555版本)\Release\lib.pdb”中寻找)；正在链接对象，如同没有调试信息一样
     1>librtmp.lib(v3_skey.obj) : warning LNK4099: 未找到 PDB“lib.pdb”(使用“librtmp.lib(v3_skey.obj)”或在“D:\冯骏涛\项目1\trunk\rtmplivescreen_mp3444(无live555版本)\Release\lib.pdb”中寻找)；正在链接对象，如同没有调试信息一样
     1>librtmp.lib(v3_alt.obj) : warning LNK4099: 未找到 PDB“lib.pdb”(使用“librtmp.lib(v3_alt.obj)”或在“D:\冯骏涛\项目1\trunk\rtmplivescreen_mp3444(无live555版本)\Release\lib.pdb”中寻找)；正在链接对象，如同没有调试信息一样
     1>librtmp.lib(v3_genn.obj) : warning LNK4099: 未找到 PDB“lib.pdb”(使用“librtmp.lib(v3_genn.obj)”或在“D:\冯骏涛\项目1\trunk\rtmplivescreen_mp3444(无live555版本)\Release\lib.pdb”中寻找)；正在链接对象，如同没有调试信息一样
     1>librtmp.lib(v3err.obj) : warning LNK4099: 未找到 PDB“lib.pdb”(使用“librtmp.lib(v3err.obj)”或在“D:\冯骏涛\项目1\trunk\rtmplivescreen_mp3444(无live555版本)\Release\lib.pdb”中寻找)；正在链接对象，如同没有调试信息一样
     1>librtmp.lib(v3_utl.obj) : warning LNK4099: 未找到 PDB“lib.pdb”(使用“librtmp.lib(v3_utl.obj)”或在“D:\冯骏涛\项目1\trunk\rtmplivescreen_mp3444(无live555版本)\Release\lib.pdb”中寻找)；正在链接对象，如同没有调试信息一样
     1>librtmp.lib(v3_prn.obj) : warning LNK4099: 未找到 PDB“lib.pdb”(使用“librtmp.lib(v3_prn.obj)”或在“D:\冯骏涛\项目1\trunk\rtmplivescreen_mp3444(无live555版本)\Release\lib.pdb”中寻找)；正在链接对象，如同没有调试信息一样
     1>librtmp.lib(v3_lib.obj) : warning LNK4099: 未找到 PDB“lib.pdb”(使用“librtmp.lib(v3_lib.obj)”或在“D:\冯骏涛\项目1\trunk\rtmplivescreen_mp3444(无live555版本)\Release\lib.pdb”中寻找)；正在链接对象，如同没有调试信息一样
     1>librtmp.lib(v3_ia5.obj) : warning LNK4099: 未找到 PDB“lib.pdb”(使用“librtmp.lib(v3_ia5.obj)”或在“D:\冯骏涛\项目1\trunk\rtmplivescreen_mp3444(无live555版本)\Release\lib.pdb”中寻找)；正在链接对象，如同没有调试信息一样
     1>librtmp.lib(v3_extku.obj) : warning LNK4099: 未找到 PDB“lib.pdb”(使用“librtmp.lib(v3_extku.obj)”或在“D:\冯骏涛\项目1\trunk\rtmplivescreen_mp3444(无live555版本)\Release\lib.pdb”中寻找)；正在链接对象，如同没有调试信息一样
     1>librtmp.lib(v3_conf.obj) : warning LNK4099: 未找到 PDB“lib.pdb”(使用“librtmp.lib(v3_conf.obj)”或在“D:\冯骏涛\项目1\trunk\rtmplivescreen_mp3444(无live555版本)\Release\lib.pdb”中寻找)；正在链接对象，如同没有调试信息一样
     1>librtmp.lib(v3_bitst.obj) : warning LNK4099: 未找到 PDB“lib.pdb”(使用“librtmp.lib(v3_bitst.obj)”或在“D:\冯骏涛\项目1\trunk\rtmplivescreen_mp3444(无live555版本)\Release\lib.pdb”中寻找)；正在链接对象，如同没有调试信息一样
     1>librtmp.lib(v3_bcons.obj) : warning LNK4099: 未找到 PDB“lib.pdb”(使用“librtmp.lib(v3_bcons.obj)”或在“D:\冯骏涛\项目1\trunk\rtmplivescreen_mp3444(无live555版本)\Release\lib.pdb”中寻找)；正在链接对象，如同没有调试信息一样
     1>librtmp.lib(x509_vpm.obj) : warning LNK4099: 未找到 PDB“lib.pdb”(使用“librtmp.lib(x509_vpm.obj)”或在“D:\冯骏涛\项目1\trunk\rtmplivescreen_mp3444(无live555版本)\Release\lib.pdb”中寻找)；正在链接对象，如同没有调试信息一样
     1>librtmp.lib(by_dir.obj) : warning LNK4099: 未找到 PDB“lib.pdb”(使用“librtmp.lib(by_dir.obj)”或在“D:\冯骏涛\项目1\trunk\rtmplivescreen_mp3444(无live555版本)\Release\lib.pdb”中寻找)；正在链接对象，如同没有调试信息一样
     1>librtmp.lib(by_file.obj) : warning LNK4099: 未找到 PDB“lib.pdb”(使用“librtmp.lib(by_file.obj)”或在“D:\冯骏涛\项目1\trunk\rtmplivescreen_mp3444(无live555版本)\Release\lib.pdb”中寻找)；正在链接对象，如同没有调试信息一样
     1>librtmp.lib(x509_trs.obj) : warning LNK4099: 未找到 PDB“lib.pdb”(使用“librtmp.lib(x509_trs.obj)”或在“D:\冯骏涛\项目1\trunk\rtmplivescreen_mp3444(无live555版本)\Release\lib.pdb”中寻找)；正在链接对象，如同没有调试信息一样
     1>librtmp.lib(x_all.obj) : warning LNK4099: 未找到 PDB“lib.pdb”(使用“librtmp.lib(x_all.obj)”或在“D:\冯骏涛\项目1\trunk\rtmplivescreen_mp3444(无live555版本)\Release\lib.pdb”中寻找)；正在链接对象，如同没有调试信息一样
     1>librtmp.lib(x509_lu.obj) : warning LNK4099: 未找到 PDB“lib.pdb”(使用“librtmp.lib(x509_lu.obj)”或在“D:\冯骏涛\项目1\trunk\rtmplivescreen_mp3444(无live555版本)\Release\lib.pdb”中寻找)；正在链接对象，如同没有调试信息一样
     1>librtmp.lib(x509type.obj) : warning LNK4099: 未找到 PDB“lib.pdb”(使用“librtmp.lib(x509type.obj)”或在“D:\冯骏涛\项目1\trunk\rtmplivescreen_mp3444(无live555版本)\Release\lib.pdb”中寻找)；正在链接对象，如同没有调试信息一样
     1>librtmp.lib(x509_att.obj) : warning LNK4099: 未找到 PDB“lib.pdb”(使用“librtmp.lib(x509_att.obj)”或在“D:\冯骏涛\项目1\trunk\rtmplivescreen_mp3444(无live555版本)\Release\lib.pdb”中寻找)；正在链接对象，如同没有调试信息一样
     1>librtmp.lib(x509_ext.obj) : warning LNK4099: 未找到 PDB“lib.pdb”(使用“librtmp.lib(x509_ext.obj)”或在“D:\冯骏涛\项目1\trunk\rtmplivescreen_mp3444(无live555版本)\Release\lib.pdb”中寻找)；正在链接对象，如同没有调试信息一样
     1>librtmp.lib(x509_v3.obj) : warning LNK4099: 未找到 PDB“lib.pdb”(使用“librtmp.lib(x509_v3.obj)”或在“D:\冯骏涛\项目1\trunk\rtmplivescreen_mp3444(无live555版本)\Release\lib.pdb”中寻找)；正在链接对象，如同没有调试信息一样
     1>librtmp.lib(x509name.obj) : warning LNK4099: 未找到 PDB“lib.pdb”(使用“librtmp.lib(x509name.obj)”或在“D:\冯骏涛\项目1\trunk\rtmplivescreen_mp3444(无live555版本)\Release\lib.pdb”中寻找)；正在链接对象，如同没有调试信息一样
     1>librtmp.lib(x509_err.obj) : warning LNK4099: 未找到 PDB“lib.pdb”(使用“librtmp.lib(x509_err.obj)”或在“D:\冯骏涛\项目1\trunk\rtmplivescreen_mp3444(无live555版本)\Release\lib.pdb”中寻找)；正在链接对象，如同没有调试信息一样
     1>librtmp.lib(x509rset.obj) : warning LNK4099: 未找到 PDB“lib.pdb”(使用“librtmp.lib(x509rset.obj)”或在“D:\冯骏涛\项目1\trunk\rtmplivescreen_mp3444(无live555版本)\Release\lib.pdb”中寻找)；正在链接对象，如同没有调试信息一样
     1>librtmp.lib(x509_vfy.obj) : warning LNK4099: 未找到 PDB“lib.pdb”(使用“librtmp.lib(x509_vfy.obj)”或在“D:\冯骏涛\项目1\trunk\rtmplivescreen_mp3444(无live555版本)\Release\lib.pdb”中寻找)；正在链接对象，如同没有调试信息一样
     1>librtmp.lib(x509_req.obj) : warning LNK4099: 未找到 PDB“lib.pdb”(使用“librtmp.lib(x509_req.obj)”或在“D:\冯骏涛\项目1\trunk\rtmplivescreen_mp3444(无live555版本)\Release\lib.pdb”中寻找)；正在链接对象，如同没有调试信息一样
     1>librtmp.lib(x509_obj.obj) : warning LNK4099: 未找到 PDB“lib.pdb”(使用“librtmp.lib(x509_obj.obj)”或在“D:\冯骏涛\项目1\trunk\rtmplivescreen_mp3444(无live555版本)\Release\lib.pdb”中寻找)；正在链接对象，如同没有调试信息一样
     1>librtmp.lib(x509_cmp.obj) : warning LNK4099: 未找到 PDB“lib.pdb”(使用“librtmp.lib(x509_cmp.obj)”或在“D:\冯骏涛\项目1\trunk\rtmplivescreen_mp3444(无live555版本)\Release\lib.pdb”中寻找)；正在链接对象，如同没有调试信息一样
     1>librtmp.lib(x509_d2.obj) : warning LNK4099: 未找到 PDB“lib.pdb”(使用“librtmp.lib(x509_d2.obj)”或在“D:\冯骏涛\项目1\trunk\rtmplivescreen_mp3444(无live555版本)\Release\lib.pdb”中寻找)；正在链接对象，如同没有调试信息一样
     1>librtmp.lib(x509_def.obj) : warning LNK4099: 未找到 PDB“lib.pdb”(使用“librtmp.lib(x509_def.obj)”或在“D:\冯骏涛\项目1\trunk\rtmplivescreen_mp3444(无live555版本)\Release\lib.pdb”中寻找)；正在链接对象，如同没有调试信息一样
     1>librtmp.lib(pem_pkey.obj) : warning LNK4099: 未找到 PDB“lib.pdb”(使用“librtmp.lib(pem_pkey.obj)”或在“D:\冯骏涛\项目1\trunk\rtmplivescreen_mp3444(无live555版本)\Release\lib.pdb”中寻找)；正在链接对象，如同没有调试信息一样
     1>librtmp.lib(pem_pk8.obj) : warning LNK4099: 未找到 PDB“lib.pdb”(使用“librtmp.lib(pem_pk8.obj)”或在“D:\冯骏涛\项目1\trunk\rtmplivescreen_mp3444(无live555版本)\Release\lib.pdb”中寻找)；正在链接对象，如同没有调试信息一样
     1>librtmp.lib(pem_oth.obj) : warning LNK4099: 未找到 PDB“lib.pdb”(使用“librtmp.lib(pem_oth.obj)”或在“D:\冯骏涛\项目1\trunk\rtmplivescreen_mp3444(无live555版本)\Release\lib.pdb”中寻找)；正在链接对象，如同没有调试信息一样
     1>librtmp.lib(pem_xaux.obj) : warning LNK4099: 未找到 PDB“lib.pdb”(使用“librtmp.lib(pem_xaux.obj)”或在“D:\冯骏涛\项目1\trunk\rtmplivescreen_mp3444(无live555版本)\Release\lib.pdb”中寻找)；正在链接对象，如同没有调试信息一样
     1>librtmp.lib(pem_x509.obj) : warning LNK4099: 未找到 PDB“lib.pdb”(使用“librtmp.lib(pem_x509.obj)”或在“D:\冯骏涛\项目1\trunk\rtmplivescreen_mp3444(无live555版本)\Release\lib.pdb”中寻找)；正在链接对象，如同没有调试信息一样
     1>librtmp.lib(pem_err.obj) : warning LNK4099: 未找到 PDB“lib.pdb”(使用“librtmp.lib(pem_err.obj)”或在“D:\冯骏涛\项目1\trunk\rtmplivescreen_mp3444(无live555版本)\Release\lib.pdb”中寻找)；正在链接对象，如同没有调试信息一样
     1>librtmp.lib(pem_all.obj) : warning LNK4099: 未找到 PDB“lib.pdb”(使用“librtmp.lib(pem_all.obj)”或在“D:\冯骏涛\项目1\trunk\rtmplivescreen_mp3444(无live555版本)\Release\lib.pdb”中寻找)；正在链接对象，如同没有调试信息一样
     1>librtmp.lib(pem_lib.obj) : warning LNK4099: 未找到 PDB“lib.pdb”(使用“librtmp.lib(pem_lib.obj)”或在“D:\冯骏涛\项目1\trunk\rtmplivescreen_mp3444(无live555版本)\Release\lib.pdb”中寻找)；正在链接对象，如同没有调试信息一样
     1>librtmp.lib(pem_info.obj) : warning LNK4099: 未找到 PDB“lib.pdb”(使用“librtmp.lib(pem_info.obj)”或在“D:\冯骏涛\项目1\trunk\rtmplivescreen_mp3444(无live555版本)\Release\lib.pdb”中寻找)；正在链接对象，如同没有调试信息一样
     1>librtmp.lib(p8_pkey.obj) : warning LNK4099: 未找到 PDB“lib.pdb”(使用“librtmp.lib(p8_pkey.obj)”或在“D:\冯骏涛\项目1\trunk\rtmplivescreen_mp3444(无live555版本)\Release\lib.pdb”中寻找)；正在链接对象，如同没有调试信息一样
     1>librtmp.lib(p5_pbev2.obj) : warning LNK4099: 未找到 PDB“lib.pdb”(使用“librtmp.lib(p5_pbev2.obj)”或在“D:\冯骏涛\项目1\trunk\rtmplivescreen_mp3444(无live555版本)\Release\lib.pdb”中寻找)；正在链接对象，如同没有调试信息一样
     1>librtmp.lib(p5_pbe.obj) : warning LNK4099: 未找到 PDB“lib.pdb”(使用“librtmp.lib(p5_pbe.obj)”或在“D:\冯骏涛\项目1\trunk\rtmplivescreen_mp3444(无live555版本)\Release\lib.pdb”中寻找)；正在链接对象，如同没有调试信息一样
     1>librtmp.lib(asn_pack.obj) : warning LNK4099: 未找到 PDB“lib.pdb”(使用“librtmp.lib(asn_pack.obj)”或在“D:\冯骏涛\项目1\trunk\rtmplivescreen_mp3444(无live555版本)\Release\lib.pdb”中寻找)；正在链接对象，如同没有调试信息一样
     1>librtmp.lib(evp_asn1.obj) : warning LNK4099: 未找到 PDB“lib.pdb”(使用“librtmp.lib(evp_asn1.obj)”或在“D:\冯骏涛\项目1\trunk\rtmplivescreen_mp3444(无live555版本)\Release\lib.pdb”中寻找)；正在链接对象，如同没有调试信息一样
     1>librtmp.lib(a_strnid.obj) : warning LNK4099: 未找到 PDB“lib.pdb”(使用“librtmp.lib(a_strnid.obj)”或在“D:\冯骏涛\项目1\trunk\rtmplivescreen_mp3444(无live555版本)\Release\lib.pdb”中寻找)；正在链接对象，如同没有调试信息一样
     1>librtmp.lib(a_bytes.obj) : warning LNK4099: 未找到 PDB“lib.pdb”(使用“librtmp.lib(a_bytes.obj)”或在“D:\冯骏涛\项目1\trunk\rtmplivescreen_mp3444(无live555版本)\Release\lib.pdb”中寻找)；正在链接对象，如同没有调试信息一样
     1>librtmp.lib(asn1_err.obj) : warning LNK4099: 未找到 PDB“lib.pdb”(使用“librtmp.lib(asn1_err.obj)”或在“D:\冯骏涛\项目1\trunk\rtmplivescreen_mp3444(无live555版本)\Release\lib.pdb”中寻找)；正在链接对象，如同没有调试信息一样
     1>librtmp.lib(asn1_lib.obj) : warning LNK4099: 未找到 PDB“lib.pdb”(使用“librtmp.lib(asn1_lib.obj)”或在“D:\冯骏涛\项目1\trunk\rtmplivescreen_mp3444(无live555版本)\Release\lib.pdb”中寻找)；正在链接对象，如同没有调试信息一样
     1>librtmp.lib(asn1_par.obj) : warning LNK4099: 未找到 PDB“lib.pdb”(使用“librtmp.lib(asn1_par.obj)”或在“D:\冯骏涛\项目1\trunk\rtmplivescreen_mp3444(无live555版本)\Release\lib.pdb”中寻找)；正在链接对象，如同没有调试信息一样
     1>librtmp.lib(asn1_gen.obj) : warning LNK4099: 未找到 PDB“lib.pdb”(使用“librtmp.lib(asn1_gen.obj)”或在“D:\冯骏涛\项目1\trunk\rtmplivescreen_mp3444(无live555版本)\Release\lib.pdb”中寻找)；正在链接对象，如同没有调试信息一样
     1>librtmp.lib(asn_mime.obj) : warning LNK4099: 未找到 PDB“lib.pdb”(使用“librtmp.lib(asn_mime.obj)”或在“D:\冯骏涛\项目1\trunk\rtmplivescreen_mp3444(无live555版本)\Release\lib.pdb”中寻找)；正在链接对象，如同没有调试信息一样
     1>librtmp.lib(bio_ndef.obj) : warning LNK4099: 未找到 PDB“lib.pdb”(使用“librtmp.lib(bio_ndef.obj)”或在“D:\冯骏涛\项目1\trunk\rtmplivescreen_mp3444(无live555版本)\Release\lib.pdb”中寻找)；正在链接对象，如同没有调试信息一样
     1>librtmp.lib(bio_asn1.obj) : warning LNK4099: 未找到 PDB“lib.pdb”(使用“librtmp.lib(bio_asn1.obj)”或在“D:\冯骏涛\项目1\trunk\rtmplivescreen_mp3444(无live555版本)\Release\lib.pdb”中寻找)；正在链接对象，如同没有调试信息一样
     1>librtmp.lib(x_exten.obj) : warning LNK4099: 未找到 PDB“lib.pdb”(使用“librtmp.lib(x_exten.obj)”或在“D:\冯骏涛\项目1\trunk\rtmplivescreen_mp3444(无live555版本)\Release\lib.pdb”中寻找)；正在链接对象，如同没有调试信息一样
     1>librtmp.lib(a_bool.obj) : warning LNK4099: 未找到 PDB“lib.pdb”(使用“librtmp.lib(a_bool.obj)”或在“D:\冯骏涛\项目1\trunk\rtmplivescreen_mp3444(无live555版本)\Release\lib.pdb”中寻找)；正在链接对象，如同没有调试信息一样
     1>librtmp.lib(x_pkey.obj) : warning LNK4099: 未找到 PDB“lib.pdb”(使用“librtmp.lib(x_pkey.obj)”或在“D:\冯骏涛\项目1\trunk\rtmplivescreen_mp3444(无live555版本)\Release\lib.pdb”中寻找)；正在链接对象，如同没有调试信息一样
     1>librtmp.lib(f_string.obj) : warning LNK4099: 未找到 PDB“lib.pdb”(使用“librtmp.lib(f_string.obj)”或在“D:\冯骏涛\项目1\trunk\rtmplivescreen_mp3444(无live555版本)\Release\lib.pdb”中寻找)；正在链接对象，如同没有调试信息一样
     1>librtmp.lib(f_int.obj) : warning LNK4099: 未找到 PDB“lib.pdb”(使用“librtmp.lib(f_int.obj)”或在“D:\冯骏涛\项目1\trunk\rtmplivescreen_mp3444(无live555版本)\Release\lib.pdb”中寻找)；正在链接对象，如同没有调试信息一样
     1>librtmp.lib(ameth_lib.obj) : warning LNK4099: 未找到 PDB“lib.pdb”(使用“librtmp.lib(ameth_lib.obj)”或在“D:\冯骏涛\项目1\trunk\rtmplivescreen_mp3444(无live555版本)\Release\lib.pdb”中寻找)；正在链接对象，如同没有调试信息一样
     1>librtmp.lib(tasn_prn.obj) : warning LNK4099: 未找到 PDB“lib.pdb”(使用“librtmp.lib(tasn_prn.obj)”或在“D:\冯骏涛\项目1\trunk\rtmplivescreen_mp3444(无live555版本)\Release\lib.pdb”中寻找)；正在链接对象，如同没有调试信息一样
     1>librtmp.lib(tasn_typ.obj) : warning LNK4099: 未找到 PDB“lib.pdb”(使用“librtmp.lib(tasn_typ.obj)”或在“D:\冯骏涛\项目1\trunk\rtmplivescreen_mp3444(无live555版本)\Release\lib.pdb”中寻找)；正在链接对象，如同没有调试信息一样
     1>librtmp.lib(tasn_utl.obj) : warning LNK4099: 未找到 PDB“lib.pdb”(使用“librtmp.lib(tasn_utl.obj)”或在“D:\冯骏涛\项目1\trunk\rtmplivescreen_mp3444(无live555版本)\Release\lib.pdb”中寻找)；正在链接对象，如同没有调试信息一样
     1>librtmp.lib(tasn_dec.obj) : warning LNK4099: 未找到 PDB“lib.pdb”(使用“librtmp.lib(tasn_dec.obj)”或在“D:\冯骏涛\项目1\trunk\rtmplivescreen_mp3444(无live555版本)\Release\lib.pdb”中寻找)；正在链接对象，如同没有调试信息一样
     1>librtmp.lib(tasn_enc.obj) : warning LNK4099: 未找到 PDB“lib.pdb”(使用“librtmp.lib(tasn_enc.obj)”或在“D:\冯骏涛\项目1\trunk\rtmplivescreen_mp3444(无live555版本)\Release\lib.pdb”中寻找)；正在链接对象，如同没有调试信息一样
     1>librtmp.lib(tasn_fre.obj) : warning LNK4099: 未找到 PDB“lib.pdb”(使用“librtmp.lib(tasn_fre.obj)”或在“D:\冯骏涛\项目1\trunk\rtmplivescreen_mp3444(无live555版本)\Release\lib.pdb”中寻找)；正在链接对象，如同没有调试信息一样
     1>librtmp.lib(tasn_new.obj) : warning LNK4099: 未找到 PDB“lib.pdb”(使用“librtmp.lib(tasn_new.obj)”或在“D:\冯骏涛\项目1\trunk\rtmplivescreen_mp3444(无live555版本)\Release\lib.pdb”中寻找)；正在链接对象，如同没有调试信息一样
     1>librtmp.lib(t_pkey.obj) : warning LNK4099: 未找到 PDB“lib.pdb”(使用“librtmp.lib(t_pkey.obj)”或在“D:\冯骏涛\项目1\trunk\rtmplivescreen_mp3444(无live555版本)\Release\lib.pdb”中寻找)；正在链接对象，如同没有调试信息一样
     1>librtmp.lib(t_x509a.obj) : warning LNK4099: 未找到 PDB“lib.pdb”(使用“librtmp.lib(t_x509a.obj)”或在“D:\冯骏涛\项目1\trunk\rtmplivescreen_mp3444(无live555版本)\Release\lib.pdb”中寻找)；正在链接对象，如同没有调试信息一样
     1>librtmp.lib(t_x509.obj) : warning LNK4099: 未找到 PDB“lib.pdb”(使用“librtmp.lib(t_x509.obj)”或在“D:\冯骏涛\项目1\trunk\rtmplivescreen_mp3444(无live555版本)\Release\lib.pdb”中寻找)；正在链接对象，如同没有调试信息一样
     1>librtmp.lib(i2d_pr.obj) : warning LNK4099: 未找到 PDB“lib.pdb”(使用“librtmp.lib(i2d_pr.obj)”或在“D:\冯骏涛\项目1\trunk\rtmplivescreen_mp3444(无live555版本)\Release\lib.pdb”中寻找)；正在链接对象，如同没有调试信息一样
     1>librtmp.lib(d2i_pr.obj) : warning LNK4099: 未找到 PDB“lib.pdb”(使用“librtmp.lib(d2i_pr.obj)”或在“D:\冯骏涛\项目1\trunk\rtmplivescreen_mp3444(无live555版本)\Release\lib.pdb”中寻找)；正在链接对象，如同没有调试信息一样
     1>librtmp.lib(nsseq.obj) : warning LNK4099: 未找到 PDB“lib.pdb”(使用“librtmp.lib(nsseq.obj)”或在“D:\冯骏涛\项目1\trunk\rtmplivescreen_mp3444(无live555版本)\Release\lib.pdb”中寻找)；正在链接对象，如同没有调试信息一样
     1>librtmp.lib(x_spki.obj) : warning LNK4099: 未找到 PDB“lib.pdb”(使用“librtmp.lib(x_spki.obj)”或在“D:\冯骏涛\项目1\trunk\rtmplivescreen_mp3444(无live555版本)\Release\lib.pdb”中寻找)；正在链接对象，如同没有调试信息一样
     1>librtmp.lib(x_info.obj) : warning LNK4099: 未找到 PDB“lib.pdb”(使用“librtmp.lib(x_info.obj)”或在“D:\冯骏涛\项目1\trunk\rtmplivescreen_mp3444(无live555版本)\Release\lib.pdb”中寻找)；正在链接对象，如同没有调试信息一样
     1>librtmp.lib(x_crl.obj) : warning LNK4099: 未找到 PDB“lib.pdb”(使用“librtmp.lib(x_crl.obj)”或在“D:\冯骏涛\项目1\trunk\rtmplivescreen_mp3444(无live555版本)\Release\lib.pdb”中寻找)；正在链接对象，如同没有调试信息一样
     1>librtmp.lib(x_x509a.obj) : warning LNK4099: 未找到 PDB“lib.pdb”(使用“librtmp.lib(x_x509a.obj)”或在“D:\冯骏涛\项目1\trunk\rtmplivescreen_mp3444(无live555版本)\Release\lib.pdb”中寻找)；正在链接对象，如同没有调试信息一样
     1>librtmp.lib(x_x509.obj) : warning LNK4099: 未找到 PDB“lib.pdb”(使用“librtmp.lib(x_x509.obj)”或在“D:\冯骏涛\项目1\trunk\rtmplivescreen_mp3444(无live555版本)\Release\lib.pdb”中寻找)；正在链接对象，如同没有调试信息一样
     1>librtmp.lib(x_name.obj) : warning LNK4099: 未找到 PDB“lib.pdb”(使用“librtmp.lib(x_name.obj)”或在“D:\冯骏涛\项目1\trunk\rtmplivescreen_mp3444(无live555版本)\Release\lib.pdb”中寻找)；正在链接对象，如同没有调试信息一样
     1>librtmp.lib(x_long.obj) : warning LNK4099: 未找到 PDB“lib.pdb”(使用“librtmp.lib(x_long.obj)”或在“D:\冯骏涛\项目1\trunk\rtmplivescreen_mp3444(无live555版本)\Release\lib.pdb”中寻找)；正在链接对象，如同没有调试信息一样
     1>librtmp.lib(x_bignum.obj) : warning LNK4099: 未找到 PDB“lib.pdb”(使用“librtmp.lib(x_bignum.obj)”或在“D:\冯骏涛\项目1\trunk\rtmplivescreen_mp3444(无live555版本)\Release\lib.pdb”中寻找)；正在链接对象，如同没有调试信息一样
     1>librtmp.lib(x_attrib.obj) : warning LNK4099: 未找到 PDB“lib.pdb”(使用“librtmp.lib(x_attrib.obj)”或在“D:\冯骏涛\项目1\trunk\rtmplivescreen_mp3444(无live555版本)\Release\lib.pdb”中寻找)；正在链接对象，如同没有调试信息一样
     1>librtmp.lib(x_req.obj) : warning LNK4099: 未找到 PDB“lib.pdb”(使用“librtmp.lib(x_req.obj)”或在“D:\冯骏涛\项目1\trunk\rtmplivescreen_mp3444(无live555版本)\Release\lib.pdb”中寻找)；正在链接对象，如同没有调试信息一样
     1>librtmp.lib(x_sig.obj) : warning LNK4099: 未找到 PDB“lib.pdb”(使用“librtmp.lib(x_sig.obj)”或在“D:\冯骏涛\项目1\trunk\rtmplivescreen_mp3444(无live555版本)\Release\lib.pdb”中寻找)；正在链接对象，如同没有调试信息一样
     1>librtmp.lib(x_pubkey.obj) : warning LNK4099: 未找到 PDB“lib.pdb”(使用“librtmp.lib(x_pubkey.obj)”或在“D:\冯骏涛\项目1\trunk\rtmplivescreen_mp3444(无live555版本)\Release\lib.pdb”中寻找)；正在链接对象，如同没有调试信息一样
     1>librtmp.lib(x_val.obj) : warning LNK4099: 未找到 PDB“lib.pdb”(使用“librtmp.lib(x_val.obj)”或在“D:\冯骏涛\项目1\trunk\rtmplivescreen_mp3444(无live555版本)\Release\lib.pdb”中寻找)；正在链接对象，如同没有调试信息一样
     1>librtmp.lib(x_algor.obj) : warning LNK4099: 未找到 PDB“lib.pdb”(使用“librtmp.lib(x_algor.obj)”或在“D:\冯骏涛\项目1\trunk\rtmplivescreen_mp3444(无live555版本)\Release\lib.pdb”中寻找)；正在链接对象，如同没有调试信息一样
     1>librtmp.lib(a_strex.obj) : warning LNK4099: 未找到 PDB“lib.pdb”(使用“librtmp.lib(a_strex.obj)”或在“D:\冯骏涛\项目1\trunk\rtmplivescreen_mp3444(无live555版本)\Release\lib.pdb”中寻找)；正在链接对象，如同没有调试信息一样
     1>librtmp.lib(a_mbstr.obj) : warning LNK4099: 未找到 PDB“lib.pdb”(使用“librtmp.lib(a_mbstr.obj)”或在“D:\冯骏涛\项目1\trunk\rtmplivescreen_mp3444(无live555版本)\Release\lib.pdb”中寻找)；正在链接对象，如同没有调试信息一样
     1>librtmp.lib(a_verify.obj) : warning LNK4099: 未找到 PDB“lib.pdb”(使用“librtmp.lib(a_verify.obj)”或在“D:\冯骏涛\项目1\trunk\rtmplivescreen_mp3444(无live555版本)\Release\lib.pdb”中寻找)；正在链接对象，如同没有调试信息一样
     1>librtmp.lib(a_digest.obj) : warning LNK4099: 未找到 PDB“lib.pdb”(使用“librtmp.lib(a_digest.obj)”或在“D:\冯骏涛\项目1\trunk\rtmplivescreen_mp3444(无live555版本)\Release\lib.pdb”中寻找)；正在链接对象，如同没有调试信息一样
     1>librtmp.lib(a_sign.obj) : warning LNK4099: 未找到 PDB“lib.pdb”(使用“librtmp.lib(a_sign.obj)”或在“D:\冯骏涛\项目1\trunk\rtmplivescreen_mp3444(无live555版本)\Release\lib.pdb”中寻找)；正在链接对象，如同没有调试信息一样
     1>librtmp.lib(a_utf8.obj) : warning LNK4099: 未找到 PDB“lib.pdb”(使用“librtmp.lib(a_utf8.obj)”或在“D:\冯骏涛\项目1\trunk\rtmplivescreen_mp3444(无live555版本)\Release\lib.pdb”中寻找)；正在链接对象，如同没有调试信息一样
     1>librtmp.lib(a_enum.obj) : warning LNK4099: 未找到 PDB“lib.pdb”(使用“librtmp.lib(a_enum.obj)”或在“D:\冯骏涛\项目1\trunk\rtmplivescreen_mp3444(无live555版本)\Release\lib.pdb”中寻找)；正在链接对象，如同没有调试信息一样
     1>librtmp.lib(a_i2d_fp.obj) : warning LNK4099: 未找到 PDB“lib.pdb”(使用“librtmp.lib(a_i2d_fp.obj)”或在“D:\冯骏涛\项目1\trunk\rtmplivescreen_mp3444(无live555版本)\Release\lib.pdb”中寻找)；正在链接对象，如同没有调试信息一样
     1>librtmp.lib(a_d2i_fp.obj) : warning LNK4099: 未找到 PDB“lib.pdb”(使用“librtmp.lib(a_d2i_fp.obj)”或在“D:\冯骏涛\项目1\trunk\rtmplivescreen_mp3444(无live555版本)\Release\lib.pdb”中寻找)；正在链接对象，如同没有调试信息一样
     1>librtmp.lib(a_dup.obj) : warning LNK4099: 未找到 PDB“lib.pdb”(使用“librtmp.lib(a_dup.obj)”或在“D:\冯骏涛\项目1\trunk\rtmplivescreen_mp3444(无live555版本)\Release\lib.pdb”中寻找)；正在链接对象，如同没有调试信息一样
     1>librtmp.lib(a_set.obj) : warning LNK4099: 未找到 PDB“lib.pdb”(使用“librtmp.lib(a_set.obj)”或在“D:\冯骏涛\项目1\trunk\rtmplivescreen_mp3444(无live555版本)\Release\lib.pdb”中寻找)；正在链接对象，如同没有调试信息一样
     1>librtmp.lib(a_type.obj) : warning LNK4099: 未找到 PDB“lib.pdb”(使用“librtmp.lib(a_type.obj)”或在“D:\冯骏涛\项目1\trunk\rtmplivescreen_mp3444(无live555版本)\Release\lib.pdb”中寻找)；正在链接对象，如同没有调试信息一样
     1>librtmp.lib(a_print.obj) : warning LNK4099: 未找到 PDB“lib.pdb”(使用“librtmp.lib(a_print.obj)”或在“D:\冯骏涛\项目1\trunk\rtmplivescreen_mp3444(无live555版本)\Release\lib.pdb”中寻找)；正在链接对象，如同没有调试信息一样
     1>librtmp.lib(a_octet.obj) : warning LNK4099: 未找到 PDB“lib.pdb”(使用“librtmp.lib(a_octet.obj)”或在“D:\冯骏涛\项目1\trunk\rtmplivescreen_mp3444(无live555版本)\Release\lib.pdb”中寻找)；正在链接对象，如同没有调试信息一样
     1>librtmp.lib(a_int.obj) : warning LNK4099: 未找到 PDB“lib.pdb”(使用“librtmp.lib(a_int.obj)”或在“D:\冯骏涛\项目1\trunk\rtmplivescreen_mp3444(无live555版本)\Release\lib.pdb”中寻找)；正在链接对象，如同没有调试信息一样
     1>librtmp.lib(a_time.obj) : warning LNK4099: 未找到 PDB“lib.pdb”(使用“librtmp.lib(a_time.obj)”或在“D:\冯骏涛\项目1\trunk\rtmplivescreen_mp3444(无live555版本)\Release\lib.pdb”中寻找)；正在链接对象，如同没有调试信息一样
     1>librtmp.lib(a_gentm.obj) : warning LNK4099: 未找到 PDB“lib.pdb”(使用“librtmp.lib(a_gentm.obj)”或在“D:\冯骏涛\项目1\trunk\rtmplivescreen_mp3444(无live555版本)\Release\lib.pdb”中寻找)；正在链接对象，如同没有调试信息一样
     1>librtmp.lib(a_utctm.obj) : warning LNK4099: 未找到 PDB“lib.pdb”(使用“librtmp.lib(a_utctm.obj)”或在“D:\冯骏涛\项目1\trunk\rtmplivescreen_mp3444(无live555版本)\Release\lib.pdb”中寻找)；正在链接对象，如同没有调试信息一样
     1>librtmp.lib(a_bitstr.obj) : warning LNK4099: 未找到 PDB“lib.pdb”(使用“librtmp.lib(a_bitstr.obj)”或在“D:\冯骏涛\项目1\trunk\rtmplivescreen_mp3444(无live555版本)\Release\lib.pdb”中寻找)；正在链接对象，如同没有调试信息一样
     1>librtmp.lib(a_object.obj) : warning LNK4099: 未找到 PDB“lib.pdb”(使用“librtmp.lib(a_object.obj)”或在“D:\冯骏涛\项目1\trunk\rtmplivescreen_mp3444(无live555版本)\Release\lib.pdb”中寻找)；正在链接对象，如同没有调试信息一样
     1>librtmp.lib(m_sigver.obj) : warning LNK4099: 未找到 PDB“lib.pdb”(使用“librtmp.lib(m_sigver.obj)”或在“D:\冯骏涛\项目1\trunk\rtmplivescreen_mp3444(无live555版本)\Release\lib.pdb”中寻找)；正在链接对象，如同没有调试信息一样
     1>librtmp.lib(pmeth_gn.obj) : warning LNK4099: 未找到 PDB“lib.pdb”(使用“librtmp.lib(pmeth_gn.obj)”或在“D:\冯骏涛\项目1\trunk\rtmplivescreen_mp3444(无live555版本)\Release\lib.pdb”中寻找)；正在链接对象，如同没有调试信息一样
     1>librtmp.lib(pmeth_fn.obj) : warning LNK4099: 未找到 PDB“lib.pdb”(使用“librtmp.lib(pmeth_fn.obj)”或在“D:\冯骏涛\项目1\trunk\rtmplivescreen_mp3444(无live555版本)\Release\lib.pdb”中寻找)；正在链接对象，如同没有调试信息一样
     1>librtmp.lib(pmeth_lib.obj) : warning LNK4099: 未找到 PDB“lib.pdb”(使用“librtmp.lib(pmeth_lib.obj)”或在“D:\冯骏涛\项目1\trunk\rtmplivescreen_mp3444(无live555版本)\Release\lib.pdb”中寻找)；正在链接对象，如同没有调试信息一样
     1>librtmp.lib(p5_crpt2.obj) : warning LNK4099: 未找到 PDB“lib.pdb”(使用“librtmp.lib(p5_crpt2.obj)”或在“D:\冯骏涛\项目1\trunk\rtmplivescreen_mp3444(无live555版本)\Release\lib.pdb”中寻找)；正在链接对象，如同没有调试信息一样
     1>librtmp.lib(p5_crpt.obj) : warning LNK4099: 未找到 PDB“lib.pdb”(使用“librtmp.lib(p5_crpt.obj)”或在“D:\冯骏涛\项目1\trunk\rtmplivescreen_mp3444(无live555版本)\Release\lib.pdb”中寻找)；正在链接对象，如同没有调试信息一样
     1>librtmp.lib(evp_pbe.obj) : warning LNK4099: 未找到 PDB“lib.pdb”(使用“librtmp.lib(evp_pbe.obj)”或在“D:\冯骏涛\项目1\trunk\rtmplivescreen_mp3444(无live555版本)\Release\lib.pdb”中寻找)；正在链接对象，如同没有调试信息一样
     1>librtmp.lib(evp_pkey.obj) : warning LNK4099: 未找到 PDB“lib.pdb”(使用“librtmp.lib(evp_pkey.obj)”或在“D:\冯骏涛\项目1\trunk\rtmplivescreen_mp3444(无live555版本)\Release\lib.pdb”中寻找)；正在链接对象，如同没有调试信息一样
     1>librtmp.lib(evp_lib.obj) : warning LNK4099: 未找到 PDB“lib.pdb”(使用“librtmp.lib(evp_lib.obj)”或在“D:\冯骏涛\项目1\trunk\rtmplivescreen_mp3444(无live555版本)\Release\lib.pdb”中寻找)；正在链接对象，如同没有调试信息一样
     1>librtmp.lib(c_alld.obj) : warning LNK4099: 未找到 PDB“lib.pdb”(使用“librtmp.lib(c_alld.obj)”或在“D:\冯骏涛\项目1\trunk\rtmplivescreen_mp3444(无live555版本)\Release\lib.pdb”中寻找)；正在链接对象，如同没有调试信息一样
     1>librtmp.lib(e_null.obj) : warning LNK4099: 未找到 PDB“lib.pdb”(使用“librtmp.lib(e_null.obj)”或在“D:\冯骏涛\项目1\trunk\rtmplivescreen_mp3444(无live555版本)\Release\lib.pdb”中寻找)；正在链接对象，如同没有调试信息一样
     1>librtmp.lib(evp_err.obj) : warning LNK4099: 未找到 PDB“lib.pdb”(使用“librtmp.lib(evp_err.obj)”或在“D:\冯骏涛\项目1\trunk\rtmplivescreen_mp3444(无live555版本)\Release\lib.pdb”中寻找)；正在链接对象，如同没有调试信息一样
     1>librtmp.lib(bio_enc.obj) : warning LNK4099: 未找到 PDB“lib.pdb”(使用“librtmp.lib(bio_enc.obj)”或在“D:\冯骏涛\项目1\trunk\rtmplivescreen_mp3444(无live555版本)\Release\lib.pdb”中寻找)；正在链接对象，如同没有调试信息一样
     1>librtmp.lib(bio_b64.obj) : warning LNK4099: 未找到 PDB“lib.pdb”(使用“librtmp.lib(bio_b64.obj)”或在“D:\冯骏涛\项目1\trunk\rtmplivescreen_mp3444(无live555版本)\Release\lib.pdb”中寻找)；正在链接对象，如同没有调试信息一样
     1>librtmp.lib(bio_md.obj) : warning LNK4099: 未找到 PDB“lib.pdb”(使用“librtmp.lib(bio_md.obj)”或在“D:\冯骏涛\项目1\trunk\rtmplivescreen_mp3444(无live555版本)\Release\lib.pdb”中寻找)；正在链接对象，如同没有调试信息一样
     1>librtmp.lib(p_lib.obj) : warning LNK4099: 未找到 PDB“lib.pdb”(使用“librtmp.lib(p_lib.obj)”或在“D:\冯骏涛\项目1\trunk\rtmplivescreen_mp3444(无live555版本)\Release\lib.pdb”中寻找)；正在链接对象，如同没有调试信息一样
     1>librtmp.lib(p_verify.obj) : warning LNK4099: 未找到 PDB“lib.pdb”(使用“librtmp.lib(p_verify.obj)”或在“D:\冯骏涛\项目1\trunk\rtmplivescreen_mp3444(无live555版本)\Release\lib.pdb”中寻找)；正在链接对象，如同没有调试信息一样
     1>librtmp.lib(p_sign.obj) : warning LNK4099: 未找到 PDB“lib.pdb”(使用“librtmp.lib(p_sign.obj)”或在“D:\冯骏涛\项目1\trunk\rtmplivescreen_mp3444(无live555版本)\Release\lib.pdb”中寻找)；正在链接对象，如同没有调试信息一样
     1>librtmp.lib(m_ecdsa.obj) : warning LNK4099: 未找到 PDB“lib.pdb”(使用“librtmp.lib(m_ecdsa.obj)”或在“D:\冯骏涛\项目1\trunk\rtmplivescreen_mp3444(无live555版本)\Release\lib.pdb”中寻找)；正在链接对象，如同没有调试信息一样
     1>librtmp.lib(m_ripemd.obj) : warning LNK4099: 未找到 PDB“lib.pdb”(使用“librtmp.lib(m_ripemd.obj)”或在“D:\冯骏涛\项目1\trunk\rtmplivescreen_mp3444(无live555版本)\Release\lib.pdb”中寻找)；正在链接对象，如同没有调试信息一样
     1>librtmp.lib(m_mdc2.obj) : warning LNK4099: 未找到 PDB“lib.pdb”(使用“librtmp.lib(m_mdc2.obj)”或在“D:\冯骏涛\项目1\trunk\rtmplivescreen_mp3444(无live555版本)\Release\lib.pdb”中寻找)；正在链接对象，如同没有调试信息一样
     1>librtmp.lib(m_dss1.obj) : warning LNK4099: 未找到 PDB“lib.pdb”(使用“librtmp.lib(m_dss1.obj)”或在“D:\冯骏涛\项目1\trunk\rtmplivescreen_mp3444(无live555版本)\Release\lib.pdb”中寻找)；正在链接对象，如同没有调试信息一样
     1>librtmp.lib(m_dss.obj) : warning LNK4099: 未找到 PDB“lib.pdb”(使用“librtmp.lib(m_dss.obj)”或在“D:\冯骏涛\项目1\trunk\rtmplivescreen_mp3444(无live555版本)\Release\lib.pdb”中寻找)；正在链接对象，如同没有调试信息一样
     1>librtmp.lib(m_wp.obj) : warning LNK4099: 未找到 PDB“lib.pdb”(使用“librtmp.lib(m_wp.obj)”或在“D:\冯骏涛\项目1\trunk\rtmplivescreen_mp3444(无live555版本)\Release\lib.pdb”中寻找)；正在链接对象，如同没有调试信息一样
     1>librtmp.lib(m_sha1.obj) : warning LNK4099: 未找到 PDB“lib.pdb”(使用“librtmp.lib(m_sha1.obj)”或在“D:\冯骏涛\项目1\trunk\rtmplivescreen_mp3444(无live555版本)\Release\lib.pdb”中寻找)；正在链接对象，如同没有调试信息一样
     1>librtmp.lib(m_sha.obj) : warning LNK4099: 未找到 PDB“lib.pdb”(使用“librtmp.lib(m_sha.obj)”或在“D:\冯骏涛\项目1\trunk\rtmplivescreen_mp3444(无live555版本)\Release\lib.pdb”中寻找)；正在链接对象，如同没有调试信息一样
     1>librtmp.lib(m_md5.obj) : warning LNK4099: 未找到 PDB“lib.pdb”(使用“librtmp.lib(m_md5.obj)”或在“D:\冯骏涛\项目1\trunk\rtmplivescreen_mp3444(无live555版本)\Release\lib.pdb”中寻找)；正在链接对象，如同没有调试信息一样
     1>librtmp.lib(m_md4.obj) : warning LNK4099: 未找到 PDB“lib.pdb”(使用“librtmp.lib(m_md4.obj)”或在“D:\冯骏涛\项目1\trunk\rtmplivescreen_mp3444(无live555版本)\Release\lib.pdb”中寻找)；正在链接对象，如同没有调试信息一样
     1>librtmp.lib(e_rc2.obj) : warning LNK4099: 未找到 PDB“lib.pdb”(使用“librtmp.lib(e_rc2.obj)”或在“D:\冯骏涛\项目1\trunk\rtmplivescreen_mp3444(无live555版本)\Release\lib.pdb”中寻找)；正在链接对象，如同没有调试信息一样
     1>librtmp.lib(e_seed.obj) : warning LNK4099: 未找到 PDB“lib.pdb”(使用“librtmp.lib(e_seed.obj)”或在“D:\冯骏涛\项目1\trunk\rtmplivescreen_mp3444(无live555版本)\Release\lib.pdb”中寻找)；正在链接对象，如同没有调试信息一样
     1>librtmp.lib(names.obj) : warning LNK4099: 未找到 PDB“lib.pdb”(使用“librtmp.lib(names.obj)”或在“D:\冯骏涛\项目1\trunk\rtmplivescreen_mp3444(无live555版本)\Release\lib.pdb”中寻找)；正在链接对象，如同没有调试信息一样
     1>librtmp.lib(e_aes.obj) : warning LNK4099: 未找到 PDB“lib.pdb”(使用“librtmp.lib(e_aes.obj)”或在“D:\冯骏涛\项目1\trunk\rtmplivescreen_mp3444(无live555版本)\Release\lib.pdb”中寻找)；正在链接对象，如同没有调试信息一样
     1>librtmp.lib(e_rc4.obj) : warning LNK4099: 未找到 PDB“lib.pdb”(使用“librtmp.lib(e_rc4.obj)”或在“D:\冯骏涛\项目1\trunk\rtmplivescreen_mp3444(无live555版本)\Release\lib.pdb”中寻找)；正在链接对象，如同没有调试信息一样
     1>librtmp.lib(e_camellia.obj) : warning LNK4099: 未找到 PDB“lib.pdb”(使用“librtmp.lib(e_camellia.obj)”或在“D:\冯骏涛\项目1\trunk\rtmplivescreen_mp3444(无live555版本)\Release\lib.pdb”中寻找)；正在链接对象，如同没有调试信息一样
     1>librtmp.lib(e_des3.obj) : warning LNK4099: 未找到 PDB“lib.pdb”(使用“librtmp.lib(e_des3.obj)”或在“D:\冯骏涛\项目1\trunk\rtmplivescreen_mp3444(无live555版本)\Release\lib.pdb”中寻找)；正在链接对象，如同没有调试信息一样
     1>librtmp.lib(e_idea.obj) : warning LNK4099: 未找到 PDB“lib.pdb”(使用“librtmp.lib(e_idea.obj)”或在“D:\冯骏涛\项目1\trunk\rtmplivescreen_mp3444(无live555版本)\Release\lib.pdb”中寻找)；正在链接对象，如同没有调试信息一样
     1>librtmp.lib(e_des.obj) : warning LNK4099: 未找到 PDB“lib.pdb”(使用“librtmp.lib(e_des.obj)”或在“D:\冯骏涛\项目1\trunk\rtmplivescreen_mp3444(无live555版本)\Release\lib.pdb”中寻找)；正在链接对象，如同没有调试信息一样
     1>librtmp.lib(evp_key.obj) : warning LNK4099: 未找到 PDB“lib.pdb”(使用“librtmp.lib(evp_key.obj)”或在“D:\冯骏涛\项目1\trunk\rtmplivescreen_mp3444(无live555版本)\Release\lib.pdb”中寻找)；正在链接对象，如同没有调试信息一样
     1>librtmp.lib(evp_enc.obj) : warning LNK4099: 未找到 PDB“lib.pdb”(使用“librtmp.lib(evp_enc.obj)”或在“D:\冯骏涛\项目1\trunk\rtmplivescreen_mp3444(无live555版本)\Release\lib.pdb”中寻找)；正在链接对象，如同没有调试信息一样
     1>librtmp.lib(digest.obj) : warning LNK4099: 未找到 PDB“lib.pdb”(使用“librtmp.lib(digest.obj)”或在“D:\冯骏涛\项目1\trunk\rtmplivescreen_mp3444(无live555版本)\Release\lib.pdb”中寻找)；正在链接对象，如同没有调试信息一样
     1>librtmp.lib(encode.obj) : warning LNK4099: 未找到 PDB“lib.pdb”(使用“librtmp.lib(encode.obj)”或在“D:\冯骏涛\项目1\trunk\rtmplivescreen_mp3444(无live555版本)\Release\lib.pdb”中寻找)；正在链接对象，如同没有调试信息一样
     1>librtmp.lib(obj_xref.obj) : warning LNK4099: 未找到 PDB“lib.pdb”(使用“librtmp.lib(obj_xref.obj)”或在“D:\冯骏涛\项目1\trunk\rtmplivescreen_mp3444(无live555版本)\Release\lib.pdb”中寻找)；正在链接对象，如同没有调试信息一样
     1>librtmp.lib(obj_err.obj) : warning LNK4099: 未找到 PDB“lib.pdb”(使用“librtmp.lib(obj_err.obj)”或在“D:\冯骏涛\项目1\trunk\rtmplivescreen_mp3444(无live555版本)\Release\lib.pdb”中寻找)；正在链接对象，如同没有调试信息一样
     1>librtmp.lib(obj_lib.obj) : warning LNK4099: 未找到 PDB“lib.pdb”(使用“librtmp.lib(obj_lib.obj)”或在“D:\冯骏涛\项目1\trunk\rtmplivescreen_mp3444(无live555版本)\Release\lib.pdb”中寻找)；正在链接对象，如同没有调试信息一样
     1>librtmp.lib(obj_dat.obj) : warning LNK4099: 未找到 PDB“lib.pdb”(使用“librtmp.lib(obj_dat.obj)”或在“D:\冯骏涛\项目1\trunk\rtmplivescreen_mp3444(无live555版本)\Release\lib.pdb”中寻找)；正在链接对象，如同没有调试信息一样
     1>librtmp.lib(o_names.obj) : warning LNK4099: 未找到 PDB“lib.pdb”(使用“librtmp.lib(o_names.obj)”或在“D:\冯骏涛\项目1\trunk\rtmplivescreen_mp3444(无live555版本)\Release\lib.pdb”中寻找)；正在链接对象，如同没有调试信息一样
     1>librtmp.lib(err_prn.obj) : warning LNK4099: 未找到 PDB“lib.pdb”(使用“librtmp.lib(err_prn.obj)”或在“D:\冯骏涛\项目1\trunk\rtmplivescreen_mp3444(无live555版本)\Release\lib.pdb”中寻找)；正在链接对象，如同没有调试信息一样
     1>librtmp.lib(err_all.obj) : warning LNK4099: 未找到 PDB“lib.pdb”(使用“librtmp.lib(err_all.obj)”或在“D:\冯骏涛\项目1\trunk\rtmplivescreen_mp3444(无live555版本)\Release\lib.pdb”中寻找)；正在链接对象，如同没有调试信息一样
     1>librtmp.lib(err.obj) : warning LNK4099: 未找到 PDB“lib.pdb”(使用“librtmp.lib(err.obj)”或在“D:\冯骏涛\项目1\trunk\rtmplivescreen_mp3444(无live555版本)\Release\lib.pdb”中寻找)；正在链接对象，如同没有调试信息一样
     1>librtmp.lib(rand_win.obj) : warning LNK4099: 未找到 PDB“lib.pdb”(使用“librtmp.lib(rand_win.obj)”或在“D:\冯骏涛\项目1\trunk\rtmplivescreen_mp3444(无live555版本)\Release\lib.pdb”中寻找)；正在链接对象，如同没有调试信息一样
     1>librtmp.lib(rand_err.obj) : warning LNK4099: 未找到 PDB“lib.pdb”(使用“librtmp.lib(rand_err.obj)”或在“D:\冯骏涛\项目1\trunk\rtmplivescreen_mp3444(无live555版本)\Release\lib.pdb”中寻找)；正在链接对象，如同没有调试信息一样
     1>librtmp.lib(rand_lib.obj) : warning LNK4099: 未找到 PDB“lib.pdb”(使用“librtmp.lib(rand_lib.obj)”或在“D:\冯骏涛\项目1\trunk\rtmplivescreen_mp3444(无live555版本)\Release\lib.pdb”中寻找)；正在链接对象，如同没有调试信息一样
     1>librtmp.lib(md_rand.obj) : warning LNK4099: 未找到 PDB“lib.pdb”(使用“librtmp.lib(md_rand.obj)”或在“D:\冯骏涛\项目1\trunk\rtmplivescreen_mp3444(无live555版本)\Release\lib.pdb”中寻找)；正在链接对象，如同没有调试信息一样
     1>librtmp.lib(lhash.obj) : warning LNK4099: 未找到 PDB“lib.pdb”(使用“librtmp.lib(lhash.obj)”或在“D:\冯骏涛\项目1\trunk\rtmplivescreen_mp3444(无live555版本)\Release\lib.pdb”中寻找)；正在链接对象，如同没有调试信息一样
     1>librtmp.lib(stack.obj) : warning LNK4099: 未找到 PDB“lib.pdb”(使用“librtmp.lib(stack.obj)”或在“D:\冯骏涛\项目1\trunk\rtmplivescreen_mp3444(无live555版本)\Release\lib.pdb”中寻找)；正在链接对象，如同没有调试信息一样
     1>librtmp.lib(b_dump.obj) : warning LNK4099: 未找到 PDB“lib.pdb”(使用“librtmp.lib(b_dump.obj)”或在“D:\冯骏涛\项目1\trunk\rtmplivescreen_mp3444(无live555版本)\Release\lib.pdb”中寻找)；正在链接对象，如同没有调试信息一样
     1>librtmp.lib(b_print.obj) : warning LNK4099: 未找到 PDB“lib.pdb”(使用“librtmp.lib(b_print.obj)”或在“D:\冯骏涛\项目1\trunk\rtmplivescreen_mp3444(无live555版本)\Release\lib.pdb”中寻找)；正在链接对象，如同没有调试信息一样
     1>librtmp.lib(bf_buff.obj) : warning LNK4099: 未找到 PDB“lib.pdb”(使用“librtmp.lib(bf_buff.obj)”或在“D:\冯骏涛\项目1\trunk\rtmplivescreen_mp3444(无live555版本)\Release\lib.pdb”中寻找)；正在链接对象，如同没有调试信息一样
     1>librtmp.lib(bss_sock.obj) : warning LNK4099: 未找到 PDB“lib.pdb”(使用“librtmp.lib(bss_sock.obj)”或在“D:\冯骏涛\项目1\trunk\rtmplivescreen_mp3444(无live555版本)\Release\lib.pdb”中寻找)；正在链接对象，如同没有调试信息一样
     1>librtmp.lib(bss_file.obj) : warning LNK4099: 未找到 PDB“lib.pdb”(使用“librtmp.lib(bss_file.obj)”或在“D:\冯骏涛\项目1\trunk\rtmplivescreen_mp3444(无live555版本)\Release\lib.pdb”中寻找)；正在链接对象，如同没有调试信息一样
     1>librtmp.lib(bss_null.obj) : warning LNK4099: 未找到 PDB“lib.pdb”(使用“librtmp.lib(bss_null.obj)”或在“D:\冯骏涛\项目1\trunk\rtmplivescreen_mp3444(无live555版本)\Release\lib.pdb”中寻找)；正在链接对象，如同没有调试信息一样
     1>librtmp.lib(bss_mem.obj) : warning LNK4099: 未找到 PDB“lib.pdb”(使用“librtmp.lib(bss_mem.obj)”或在“D:\冯骏涛\项目1\trunk\rtmplivescreen_mp3444(无live555版本)\Release\lib.pdb”中寻找)；正在链接对象，如同没有调试信息一样
     1>librtmp.lib(bio_err.obj) : warning LNK4099: 未找到 PDB“lib.pdb”(使用“librtmp.lib(bio_err.obj)”或在“D:\冯骏涛\项目1\trunk\rtmplivescreen_mp3444(无live555版本)\Release\lib.pdb”中寻找)；正在链接对象，如同没有调试信息一样
     1>librtmp.lib(bio_lib.obj) : warning LNK4099: 未找到 PDB“lib.pdb”(使用“librtmp.lib(bio_lib.obj)”或在“D:\冯骏涛\项目1\trunk\rtmplivescreen_mp3444(无live555版本)\Release\lib.pdb”中寻找)；正在链接对象，如同没有调试信息一样
     1>librtmp.lib(buf_err.obj) : warning LNK4099: 未找到 PDB“lib.pdb”(使用“librtmp.lib(buf_err.obj)”或在“D:\冯骏涛\项目1\trunk\rtmplivescreen_mp3444(无live555版本)\Release\lib.pdb”中寻找)；正在链接对象，如同没有调试信息一样
     1>librtmp.lib(buffer.obj) : warning LNK4099: 未找到 PDB“lib.pdb”(使用“librtmp.lib(buffer.obj)”或在“D:\冯骏涛\项目1\trunk\rtmplivescreen_mp3444(无live555版本)\Release\lib.pdb”中寻找)；正在链接对象，如同没有调试信息一样
     1>librtmp.lib(ecs_err.obj) : warning LNK4099: 未找到 PDB“lib.pdb”(使用“librtmp.lib(ecs_err.obj)”或在“D:\冯骏涛\项目1\trunk\rtmplivescreen_mp3444(无live555版本)\Release\lib.pdb”中寻找)；正在链接对象，如同没有调试信息一样
     1>librtmp.lib(ecs_vrf.obj) : warning LNK4099: 未找到 PDB“lib.pdb”(使用“librtmp.lib(ecs_vrf.obj)”或在“D:\冯骏涛\项目1\trunk\rtmplivescreen_mp3444(无live555版本)\Release\lib.pdb”中寻找)；正在链接对象，如同没有调试信息一样
     1>librtmp.lib(ecs_sign.obj) : warning LNK4099: 未找到 PDB“lib.pdb”(使用“librtmp.lib(ecs_sign.obj)”或在“D:\冯骏涛\项目1\trunk\rtmplivescreen_mp3444(无live555版本)\Release\lib.pdb”中寻找)；正在链接对象，如同没有调试信息一样
     1>librtmp.lib(ecs_ossl.obj) : warning LNK4099: 未找到 PDB“lib.pdb”(使用“librtmp.lib(ecs_ossl.obj)”或在“D:\冯骏涛\项目1\trunk\rtmplivescreen_mp3444(无live555版本)\Release\lib.pdb”中寻找)；正在链接对象，如同没有调试信息一样
     1>librtmp.lib(ecs_asn1.obj) : warning LNK4099: 未找到 PDB“lib.pdb”(使用“librtmp.lib(ecs_asn1.obj)”或在“D:\冯骏涛\项目1\trunk\rtmplivescreen_mp3444(无live555版本)\Release\lib.pdb”中寻找)；正在链接对象，如同没有调试信息一样
     1>librtmp.lib(ecs_lib.obj) : warning LNK4099: 未找到 PDB“lib.pdb”(使用“librtmp.lib(ecs_lib.obj)”或在“D:\冯骏涛\项目1\trunk\rtmplivescreen_mp3444(无live555版本)\Release\lib.pdb”中寻找)；正在链接对象，如同没有调试信息一样
     1>librtmp.lib(ech_err.obj) : warning LNK4099: 未找到 PDB“lib.pdb”(使用“librtmp.lib(ech_err.obj)”或在“D:\冯骏涛\项目1\trunk\rtmplivescreen_mp3444(无live555版本)\Release\lib.pdb”中寻找)；正在链接对象，如同没有调试信息一样
     1>librtmp.lib(ech_key.obj) : warning LNK4099: 未找到 PDB“lib.pdb”(使用“librtmp.lib(ech_key.obj)”或在“D:\冯骏涛\项目1\trunk\rtmplivescreen_mp3444(无live555版本)\Release\lib.pdb”中寻找)；正在链接对象，如同没有调试信息一样
     1>librtmp.lib(ech_ossl.obj) : warning LNK4099: 未找到 PDB“lib.pdb”(使用“librtmp.lib(ech_ossl.obj)”或在“D:\冯骏涛\项目1\trunk\rtmplivescreen_mp3444(无live555版本)\Release\lib.pdb”中寻找)；正在链接对象，如同没有调试信息一样
     1>librtmp.lib(ech_lib.obj) : warning LNK4099: 未找到 PDB“lib.pdb”(使用“librtmp.lib(ech_lib.obj)”或在“D:\冯骏涛\项目1\trunk\rtmplivescreen_mp3444(无live555版本)\Release\lib.pdb”中寻找)；正在链接对象，如同没有调试信息一样
     1>librtmp.lib(eck_prn.obj) : warning LNK4099: 未找到 PDB“lib.pdb”(使用“librtmp.lib(eck_prn.obj)”或在“D:\冯骏涛\项目1\trunk\rtmplivescreen_mp3444(无live555版本)\Release\lib.pdb”中寻找)；正在链接对象，如同没有调试信息一样
     1>librtmp.lib(ec_pmeth.obj) : warning LNK4099: 未找到 PDB“lib.pdb”(使用“librtmp.lib(ec_pmeth.obj)”或在“D:\冯骏涛\项目1\trunk\rtmplivescreen_mp3444(无live555版本)\Release\lib.pdb”中寻找)；正在链接对象，如同没有调试信息一样
     1>librtmp.lib(ec_ameth.obj) : warning LNK4099: 未找到 PDB“lib.pdb”(使用“librtmp.lib(ec_ameth.obj)”或在“D:\冯骏涛\项目1\trunk\rtmplivescreen_mp3444(无live555版本)\Release\lib.pdb”中寻找)；正在链接对象，如同没有调试信息一样
     1>librtmp.lib(ec2_mult.obj) : warning LNK4099: 未找到 PDB“lib.pdb”(使用“librtmp.lib(ec2_mult.obj)”或在“D:\冯骏涛\项目1\trunk\rtmplivescreen_mp3444(无live555版本)\Release\lib.pdb”中寻找)；正在链接对象，如同没有调试信息一样
     1>librtmp.lib(ec2_smpl.obj) : warning LNK4099: 未找到 PDB“lib.pdb”(使用“librtmp.lib(ec2_smpl.obj)”或在“D:\冯骏涛\项目1\trunk\rtmplivescreen_mp3444(无live555版本)\Release\lib.pdb”中寻找)；正在链接对象，如同没有调试信息一样
     1>librtmp.lib(ec_key.obj) : warning LNK4099: 未找到 PDB“lib.pdb”(使用“librtmp.lib(ec_key.obj)”或在“D:\冯骏涛\项目1\trunk\rtmplivescreen_mp3444(无live555版本)\Release\lib.pdb”中寻找)；正在链接对象，如同没有调试信息一样
     1>librtmp.lib(ec_asn1.obj) : warning LNK4099: 未找到 PDB“lib.pdb”(使用“librtmp.lib(ec_asn1.obj)”或在“D:\冯骏涛\项目1\trunk\rtmplivescreen_mp3444(无live555版本)\Release\lib.pdb”中寻找)；正在链接对象，如同没有调试信息一样
     1>librtmp.lib(ec_print.obj) : warning LNK4099: 未找到 PDB“lib.pdb”(使用“librtmp.lib(ec_print.obj)”或在“D:\冯骏涛\项目1\trunk\rtmplivescreen_mp3444(无live555版本)\Release\lib.pdb”中寻找)；正在链接对象，如同没有调试信息一样
     1>librtmp.lib(ec_curve.obj) : warning LNK4099: 未找到 PDB“lib.pdb”(使用“librtmp.lib(ec_curve.obj)”或在“D:\冯骏涛\项目1\trunk\rtmplivescreen_mp3444(无live555版本)\Release\lib.pdb”中寻找)；正在链接对象，如同没有调试信息一样
     1>librtmp.lib(ec_err.obj) : warning LNK4099: 未找到 PDB“lib.pdb”(使用“librtmp.lib(ec_err.obj)”或在“D:\冯骏涛\项目1\trunk\rtmplivescreen_mp3444(无live555版本)\Release\lib.pdb”中寻找)；正在链接对象，如同没有调试信息一样
     1>librtmp.lib(ec_mult.obj) : warning LNK4099: 未找到 PDB“lib.pdb”(使用“librtmp.lib(ec_mult.obj)”或在“D:\冯骏涛\项目1\trunk\rtmplivescreen_mp3444(无live555版本)\Release\lib.pdb”中寻找)；正在链接对象，如同没有调试信息一样
     1>librtmp.lib(ec_cvt.obj) : warning LNK4099: 未找到 PDB“lib.pdb”(使用“librtmp.lib(ec_cvt.obj)”或在“D:\冯骏涛\项目1\trunk\rtmplivescreen_mp3444(无live555版本)\Release\lib.pdb”中寻找)；正在链接对象，如同没有调试信息一样
     1>librtmp.lib(ecp_nist.obj) : warning LNK4099: 未找到 PDB“lib.pdb”(使用“librtmp.lib(ecp_nist.obj)”或在“D:\冯骏涛\项目1\trunk\rtmplivescreen_mp3444(无live555版本)\Release\lib.pdb”中寻找)；正在链接对象，如同没有调试信息一样
     1>librtmp.lib(ecp_mont.obj) : warning LNK4099: 未找到 PDB“lib.pdb”(使用“librtmp.lib(ecp_mont.obj)”或在“D:\冯骏涛\项目1\trunk\rtmplivescreen_mp3444(无live555版本)\Release\lib.pdb”中寻找)；正在链接对象，如同没有调试信息一样
     1>librtmp.lib(ecp_smpl.obj) : warning LNK4099: 未找到 PDB“lib.pdb”(使用“librtmp.lib(ecp_smpl.obj)”或在“D:\冯骏涛\项目1\trunk\rtmplivescreen_mp3444(无live555版本)\Release\lib.pdb”中寻找)；正在链接对象，如同没有调试信息一样
     1>librtmp.lib(ec_lib.obj) : warning LNK4099: 未找到 PDB“lib.pdb”(使用“librtmp.lib(ec_lib.obj)”或在“D:\冯骏涛\项目1\trunk\rtmplivescreen_mp3444(无live555版本)\Release\lib.pdb”中寻找)；正在链接对象，如同没有调试信息一样
     1>librtmp.lib(dh_pmeth.obj) : warning LNK4099: 未找到 PDB“lib.pdb”(使用“librtmp.lib(dh_pmeth.obj)”或在“D:\冯骏涛\项目1\trunk\rtmplivescreen_mp3444(无live555版本)\Release\lib.pdb”中寻找)；正在链接对象，如同没有调试信息一样
     1>librtmp.lib(dh_ameth.obj) : warning LNK4099: 未找到 PDB“lib.pdb”(使用“librtmp.lib(dh_ameth.obj)”或在“D:\冯骏涛\项目1\trunk\rtmplivescreen_mp3444(无live555版本)\Release\lib.pdb”中寻找)；正在链接对象，如同没有调试信息一样
     1>librtmp.lib(dh_err.obj) : warning LNK4099: 未找到 PDB“lib.pdb”(使用“librtmp.lib(dh_err.obj)”或在“D:\冯骏涛\项目1\trunk\rtmplivescreen_mp3444(无live555版本)\Release\lib.pdb”中寻找)；正在链接对象，如同没有调试信息一样
     1>librtmp.lib(dh_check.obj) : warning LNK4099: 未找到 PDB“lib.pdb”(使用“librtmp.lib(dh_check.obj)”或在“D:\冯骏涛\项目1\trunk\rtmplivescreen_mp3444(无live555版本)\Release\lib.pdb”中寻找)；正在链接对象，如同没有调试信息一样
     1>librtmp.lib(dh_lib.obj) : warning LNK4099: 未找到 PDB“lib.pdb”(使用“librtmp.lib(dh_lib.obj)”或在“D:\冯骏涛\项目1\trunk\rtmplivescreen_mp3444(无live555版本)\Release\lib.pdb”中寻找)；正在链接对象，如同没有调试信息一样
     1>librtmp.lib(dh_key.obj) : warning LNK4099: 未找到 PDB“lib.pdb”(使用“librtmp.lib(dh_key.obj)”或在“D:\冯骏涛\项目1\trunk\rtmplivescreen_mp3444(无live555版本)\Release\lib.pdb”中寻找)；正在链接对象，如同没有调试信息一样
     1>librtmp.lib(dh_gen.obj) : warning LNK4099: 未找到 PDB“lib.pdb”(使用“librtmp.lib(dh_gen.obj)”或在“D:\冯骏涛\项目1\trunk\rtmplivescreen_mp3444(无live555版本)\Release\lib.pdb”中寻找)；正在链接对象，如同没有调试信息一样
     1>librtmp.lib(dh_asn1.obj) : warning LNK4099: 未找到 PDB“lib.pdb”(使用“librtmp.lib(dh_asn1.obj)”或在“D:\冯骏涛\项目1\trunk\rtmplivescreen_mp3444(无live555版本)\Release\lib.pdb”中寻找)；正在链接对象，如同没有调试信息一样
     1>librtmp.lib(dso_win32.obj) : warning LNK4099: 未找到 PDB“lib.pdb”(使用“librtmp.lib(dso_win32.obj)”或在“D:\冯骏涛\项目1\trunk\rtmplivescreen_mp3444(无live555版本)\Release\lib.pdb”中寻找)；正在链接对象，如同没有调试信息一样
     1>librtmp.lib(dso_openssl.obj) : warning LNK4099: 未找到 PDB“lib.pdb”(使用“librtmp.lib(dso_openssl.obj)”或在“D:\冯骏涛\项目1\trunk\rtmplivescreen_mp3444(无live555版本)\Release\lib.pdb”中寻找)；正在链接对象，如同没有调试信息一样
     1>librtmp.lib(dso_lib.obj) : warning LNK4099: 未找到 PDB“lib.pdb”(使用“librtmp.lib(dso_lib.obj)”或在“D:\冯骏涛\项目1\trunk\rtmplivescreen_mp3444(无live555版本)\Release\lib.pdb”中寻找)；正在链接对象，如同没有调试信息一样
     1>librtmp.lib(dso_err.obj) : warning LNK4099: 未找到 PDB“lib.pdb”(使用“librtmp.lib(dso_err.obj)”或在“D:\冯骏涛\项目1\trunk\rtmplivescreen_mp3444(无live555版本)\Release\lib.pdb”中寻找)；正在链接对象，如同没有调试信息一样
     1>librtmp.lib(dsa_pmeth.obj) : warning LNK4099: 未找到 PDB“lib.pdb”(使用“librtmp.lib(dsa_pmeth.obj)”或在“D:\冯骏涛\项目1\trunk\rtmplivescreen_mp3444(无live555版本)\Release\lib.pdb”中寻找)；正在链接对象，如同没有调试信息一样
     1>librtmp.lib(dsa_ameth.obj) : warning LNK4099: 未找到 PDB“lib.pdb”(使用“librtmp.lib(dsa_ameth.obj)”或在“D:\冯骏涛\项目1\trunk\rtmplivescreen_mp3444(无live555版本)\Release\lib.pdb”中寻找)；正在链接对象，如同没有调试信息一样
     1>librtmp.lib(dsa_ossl.obj) : warning LNK4099: 未找到 PDB“lib.pdb”(使用“librtmp.lib(dsa_ossl.obj)”或在“D:\冯骏涛\项目1\trunk\rtmplivescreen_mp3444(无live555版本)\Release\lib.pdb”中寻找)；正在链接对象，如同没有调试信息一样
     1>librtmp.lib(dsa_err.obj) : warning LNK4099: 未找到 PDB“lib.pdb”(使用“librtmp.lib(dsa_err.obj)”或在“D:\冯骏涛\项目1\trunk\rtmplivescreen_mp3444(无live555版本)\Release\lib.pdb”中寻找)；正在链接对象，如同没有调试信息一样
     1>librtmp.lib(dsa_sign.obj) : warning LNK4099: 未找到 PDB“lib.pdb”(使用“librtmp.lib(dsa_sign.obj)”或在“D:\冯骏涛\项目1\trunk\rtmplivescreen_mp3444(无live555版本)\Release\lib.pdb”中寻找)；正在链接对象，如同没有调试信息一样
     1>librtmp.lib(dsa_vrf.obj) : warning LNK4099: 未找到 PDB“lib.pdb”(使用“librtmp.lib(dsa_vrf.obj)”或在“D:\冯骏涛\项目1\trunk\rtmplivescreen_mp3444(无live555版本)\Release\lib.pdb”中寻找)；正在链接对象，如同没有调试信息一样
     1>librtmp.lib(dsa_asn1.obj) : warning LNK4099: 未找到 PDB“lib.pdb”(使用“librtmp.lib(dsa_asn1.obj)”或在“D:\冯骏涛\项目1\trunk\rtmplivescreen_mp3444(无live555版本)\Release\lib.pdb”中寻找)；正在链接对象，如同没有调试信息一样
     1>librtmp.lib(dsa_lib.obj) : warning LNK4099: 未找到 PDB“lib.pdb”(使用“librtmp.lib(dsa_lib.obj)”或在“D:\冯骏涛\项目1\trunk\rtmplivescreen_mp3444(无live555版本)\Release\lib.pdb”中寻找)；正在链接对象，如同没有调试信息一样
     1>librtmp.lib(dsa_key.obj) : warning LNK4099: 未找到 PDB“lib.pdb”(使用“librtmp.lib(dsa_key.obj)”或在“D:\冯骏涛\项目1\trunk\rtmplivescreen_mp3444(无live555版本)\Release\lib.pdb”中寻找)；正在链接对象，如同没有调试信息一样
     1>librtmp.lib(dsa_gen.obj) : warning LNK4099: 未找到 PDB“lib.pdb”(使用“librtmp.lib(dsa_gen.obj)”或在“D:\冯骏涛\项目1\trunk\rtmplivescreen_mp3444(无live555版本)\Release\lib.pdb”中寻找)；正在链接对象，如同没有调试信息一样
     1>librtmp.lib(rsa_pmeth.obj) : warning LNK4099: 未找到 PDB“lib.pdb”(使用“librtmp.lib(rsa_pmeth.obj)”或在“D:\冯骏涛\项目1\trunk\rtmplivescreen_mp3444(无live555版本)\Release\lib.pdb”中寻找)；正在链接对象，如同没有调试信息一样
     1>librtmp.lib(rsa_ameth.obj) : warning LNK4099: 未找到 PDB“lib.pdb”(使用“librtmp.lib(rsa_ameth.obj)”或在“D:\冯骏涛\项目1\trunk\rtmplivescreen_mp3444(无live555版本)\Release\lib.pdb”中寻找)；正在链接对象，如同没有调试信息一样
     1>librtmp.lib(rsa_asn1.obj) : warning LNK4099: 未找到 PDB“lib.pdb”(使用“librtmp.lib(rsa_asn1.obj)”或在“D:\冯骏涛\项目1\trunk\rtmplivescreen_mp3444(无live555版本)\Release\lib.pdb”中寻找)；正在链接对象，如同没有调试信息一样
     1>librtmp.lib(rsa_x931.obj) : warning LNK4099: 未找到 PDB“lib.pdb”(使用“librtmp.lib(rsa_x931.obj)”或在“D:\冯骏涛\项目1\trunk\rtmplivescreen_mp3444(无live555版本)\Release\lib.pdb”中寻找)；正在链接对象，如同没有调试信息一样
     1>librtmp.lib(rsa_pss.obj) : warning LNK4099: 未找到 PDB“lib.pdb”(使用“librtmp.lib(rsa_pss.obj)”或在“D:\冯骏涛\项目1\trunk\rtmplivescreen_mp3444(无live555版本)\Release\lib.pdb”中寻找)；正在链接对象，如同没有调试信息一样
     1>librtmp.lib(rsa_oaep.obj) : warning LNK4099: 未找到 PDB“lib.pdb”(使用“librtmp.lib(rsa_oaep.obj)”或在“D:\冯骏涛\项目1\trunk\rtmplivescreen_mp3444(无live555版本)\Release\lib.pdb”中寻找)；正在链接对象，如同没有调试信息一样
     1>librtmp.lib(rsa_none.obj) : warning LNK4099: 未找到 PDB“lib.pdb”(使用“librtmp.lib(rsa_none.obj)”或在“D:\冯骏涛\项目1\trunk\rtmplivescreen_mp3444(无live555版本)\Release\lib.pdb”中寻找)；正在链接对象，如同没有调试信息一样
     1>librtmp.lib(rsa_ssl.obj) : warning LNK4099: 未找到 PDB“lib.pdb”(使用“librtmp.lib(rsa_ssl.obj)”或在“D:\冯骏涛\项目1\trunk\rtmplivescreen_mp3444(无live555版本)\Release\lib.pdb”中寻找)；正在链接对象，如同没有调试信息一样
     1>librtmp.lib(rsa_pk1.obj) : warning LNK4099: 未找到 PDB“lib.pdb”(使用“librtmp.lib(rsa_pk1.obj)”或在“D:\冯骏涛\项目1\trunk\rtmplivescreen_mp3444(无live555版本)\Release\lib.pdb”中寻找)；正在链接对象，如同没有调试信息一样
     1>librtmp.lib(rsa_err.obj) : warning LNK4099: 未找到 PDB“lib.pdb”(使用“librtmp.lib(rsa_err.obj)”或在“D:\冯骏涛\项目1\trunk\rtmplivescreen_mp3444(无live555版本)\Release\lib.pdb”中寻找)；正在链接对象，如同没有调试信息一样
     1>librtmp.lib(rsa_saos.obj) : warning LNK4099: 未找到 PDB“lib.pdb”(使用“librtmp.lib(rsa_saos.obj)”或在“D:\冯骏涛\项目1\trunk\rtmplivescreen_mp3444(无live555版本)\Release\lib.pdb”中寻找)；正在链接对象，如同没有调试信息一样
     1>librtmp.lib(rsa_sign.obj) : warning LNK4099: 未找到 PDB“lib.pdb”(使用“librtmp.lib(rsa_sign.obj)”或在“D:\冯骏涛\项目1\trunk\rtmplivescreen_mp3444(无live555版本)\Release\lib.pdb”中寻找)；正在链接对象，如同没有调试信息一样
     1>librtmp.lib(rsa_lib.obj) : warning LNK4099: 未找到 PDB“lib.pdb”(使用“librtmp.lib(rsa_lib.obj)”或在“D:\冯骏涛\项目1\trunk\rtmplivescreen_mp3444(无live555版本)\Release\lib.pdb”中寻找)；正在链接对象，如同没有调试信息一样
     1>librtmp.lib(rsa_gen.obj) : warning LNK4099: 未找到 PDB“lib.pdb”(使用“librtmp.lib(rsa_gen.obj)”或在“D:\冯骏涛\项目1\trunk\rtmplivescreen_mp3444(无live555版本)\Release\lib.pdb”中寻找)；正在链接对象，如同没有调试信息一样
     1>librtmp.lib(rsa_eay.obj) : warning LNK4099: 未找到 PDB“lib.pdb”(使用“librtmp.lib(rsa_eay.obj)”或在“D:\冯骏涛\项目1\trunk\rtmplivescreen_mp3444(无live555版本)\Release\lib.pdb”中寻找)；正在链接对象，如同没有调试信息一样
     1>librtmp.lib(bn_nist.obj) : warning LNK4099: 未找到 PDB“lib.pdb”(使用“librtmp.lib(bn_nist.obj)”或在“D:\冯骏涛\项目1\trunk\rtmplivescreen_mp3444(无live555版本)\Release\lib.pdb”中寻找)；正在链接对象，如同没有调试信息一样
     1>librtmp.lib(bn_gf2m.obj) : warning LNK4099: 未找到 PDB“lib.pdb”(使用“librtmp.lib(bn_gf2m.obj)”或在“D:\冯骏涛\项目1\trunk\rtmplivescreen_mp3444(无live555版本)\Release\lib.pdb”中寻找)；正在链接对象，如同没有调试信息一样
     1>librtmp.lib(bn_exp2.obj) : warning LNK4099: 未找到 PDB“lib.pdb”(使用“librtmp.lib(bn_exp2.obj)”或在“D:\冯骏涛\项目1\trunk\rtmplivescreen_mp3444(无live555版本)\Release\lib.pdb”中寻找)；正在链接对象，如同没有调试信息一样
     1>librtmp.lib(bn_mont.obj) : warning LNK4099: 未找到 PDB“lib.pdb”(使用“librtmp.lib(bn_mont.obj)”或在“D:\冯骏涛\项目1\trunk\rtmplivescreen_mp3444(无live555版本)\Release\lib.pdb”中寻找)；正在链接对象，如同没有调试信息一样
     1>librtmp.lib(bn_recp.obj) : warning LNK4099: 未找到 PDB“lib.pdb”(使用“librtmp.lib(bn_recp.obj)”或在“D:\冯骏涛\项目1\trunk\rtmplivescreen_mp3444(无live555版本)\Release\lib.pdb”中寻找)；正在链接对象，如同没有调试信息一样
     1>librtmp.lib(bn_sqr.obj) : warning LNK4099: 未找到 PDB“lib.pdb”(使用“librtmp.lib(bn_sqr.obj)”或在“D:\冯骏涛\项目1\trunk\rtmplivescreen_mp3444(无live555版本)\Release\lib.pdb”中寻找)；正在链接对象，如同没有调试信息一样
     1>librtmp.lib(bn_err.obj) : warning LNK4099: 未找到 PDB“lib.pdb”(使用“librtmp.lib(bn_err.obj)”或在“D:\冯骏涛\项目1\trunk\rtmplivescreen_mp3444(无live555版本)\Release\lib.pdb”中寻找)；正在链接对象，如同没有调试信息一样
     1>librtmp.lib(bn_prime.obj) : warning LNK4099: 未找到 PDB“lib.pdb”(使用“librtmp.lib(bn_prime.obj)”或在“D:\冯骏涛\项目1\trunk\rtmplivescreen_mp3444(无live555版本)\Release\lib.pdb”中寻找)；正在链接对象，如同没有调试信息一样
     1>librtmp.lib(bn_gcd.obj) : warning LNK4099: 未找到 PDB“lib.pdb”(使用“librtmp.lib(bn_gcd.obj)”或在“D:\冯骏涛\项目1\trunk\rtmplivescreen_mp3444(无live555版本)\Release\lib.pdb”中寻找)；正在链接对象，如同没有调试信息一样
     1>librtmp.lib(bn_sqrt.obj) : warning LNK4099: 未找到 PDB“lib.pdb”(使用“librtmp.lib(bn_sqrt.obj)”或在“D:\冯骏涛\项目1\trunk\rtmplivescreen_mp3444(无live555版本)\Release\lib.pdb”中寻找)；正在链接对象，如同没有调试信息一样
     1>librtmp.lib(bn_kron.obj) : warning LNK4099: 未找到 PDB“lib.pdb”(使用“librtmp.lib(bn_kron.obj)”或在“D:\冯骏涛\项目1\trunk\rtmplivescreen_mp3444(无live555版本)\Release\lib.pdb”中寻找)；正在链接对象，如同没有调试信息一样
     1>librtmp.lib(bn_blind.obj) : warning LNK4099: 未找到 PDB“lib.pdb”(使用“librtmp.lib(bn_blind.obj)”或在“D:\冯骏涛\项目1\trunk\rtmplivescreen_mp3444(无live555版本)\Release\lib.pdb”中寻找)；正在链接对象，如同没有调试信息一样
     1>librtmp.lib(bn_word.obj) : warning LNK4099: 未找到 PDB“lib.pdb”(使用“librtmp.lib(bn_word.obj)”或在“D:\冯骏涛\项目1\trunk\rtmplivescreen_mp3444(无live555版本)\Release\lib.pdb”中寻找)；正在链接对象，如同没有调试信息一样
     1>librtmp.lib(bn_shift.obj) : warning LNK4099: 未找到 PDB“lib.pdb”(使用“librtmp.lib(bn_shift.obj)”或在“D:\冯骏涛\项目1\trunk\rtmplivescreen_mp3444(无live555版本)\Release\lib.pdb”中寻找)；正在链接对象，如同没有调试信息一样
     1>librtmp.lib(bn_rand.obj) : warning LNK4099: 未找到 PDB“lib.pdb”(使用“librtmp.lib(bn_rand.obj)”或在“D:\冯骏涛\项目1\trunk\rtmplivescreen_mp3444(无live555版本)\Release\lib.pdb”中寻找)；正在链接对象，如同没有调试信息一样
     1>librtmp.lib(bn_print.obj) : warning LNK4099: 未找到 PDB“lib.pdb”(使用“librtmp.lib(bn_print.obj)”或在“D:\冯骏涛\项目1\trunk\rtmplivescreen_mp3444(无live555版本)\Release\lib.pdb”中寻找)；正在链接对象，如同没有调试信息一样
     1>librtmp.lib(bn_mod.obj) : warning LNK4099: 未找到 PDB“lib.pdb”(使用“librtmp.lib(bn_mod.obj)”或在“D:\冯骏涛\项目1\trunk\rtmplivescreen_mp3444(无live555版本)\Release\lib.pdb”中寻找)；正在链接对象，如同没有调试信息一样
     1>librtmp.lib(bn_mul.obj) : warning LNK4099: 未找到 PDB“lib.pdb”(使用“librtmp.lib(bn_mul.obj)”或在“D:\冯骏涛\项目1\trunk\rtmplivescreen_mp3444(无live555版本)\Release\lib.pdb”中寻找)；正在链接对象，如同没有调试信息一样
     1>librtmp.lib(bn_ctx.obj) : warning LNK4099: 未找到 PDB“lib.pdb”(使用“librtmp.lib(bn_ctx.obj)”或在“D:\冯骏涛\项目1\trunk\rtmplivescreen_mp3444(无live555版本)\Release\lib.pdb”中寻找)；正在链接对象，如同没有调试信息一样
     1>librtmp.lib(bn_lib.obj) : warning LNK4099: 未找到 PDB“lib.pdb”(使用“librtmp.lib(bn_lib.obj)”或在“D:\冯骏涛\项目1\trunk\rtmplivescreen_mp3444(无live555版本)\Release\lib.pdb”中寻找)；正在链接对象，如同没有调试信息一样
     1>librtmp.lib(bn_exp.obj) : warning LNK4099: 未找到 PDB“lib.pdb”(使用“librtmp.lib(bn_exp.obj)”或在“D:\冯骏涛\项目1\trunk\rtmplivescreen_mp3444(无live555版本)\Release\lib.pdb”中寻找)；正在链接对象，如同没有调试信息一样
     1>librtmp.lib(bn_div.obj) : warning LNK4099: 未找到 PDB“lib.pdb”(使用“librtmp.lib(bn_div.obj)”或在“D:\冯骏涛\项目1\trunk\rtmplivescreen_mp3444(无live555版本)\Release\lib.pdb”中寻找)；正在链接对象，如同没有调试信息一样
     1>librtmp.lib(bn_add.obj) : warning LNK4099: 未找到 PDB“lib.pdb”(使用“librtmp.lib(bn_add.obj)”或在“D:\冯骏涛\项目1\trunk\rtmplivescreen_mp3444(无live555版本)\Release\lib.pdb”中寻找)；正在链接对象，如同没有调试信息一样
     1>librtmp.lib(ofb128.obj) : warning LNK4099: 未找到 PDB“lib.pdb”(使用“librtmp.lib(ofb128.obj)”或在“D:\冯骏涛\项目1\trunk\rtmplivescreen_mp3444(无live555版本)\Release\lib.pdb”中寻找)；正在链接对象，如同没有调试信息一样
     1>librtmp.lib(cfb128.obj) : warning LNK4099: 未找到 PDB“lib.pdb”(使用“librtmp.lib(cfb128.obj)”或在“D:\冯骏涛\项目1\trunk\rtmplivescreen_mp3444(无live555版本)\Release\lib.pdb”中寻找)；正在链接对象，如同没有调试信息一样
     1>librtmp.lib(cbc128.obj) : warning LNK4099: 未找到 PDB“lib.pdb”(使用“librtmp.lib(cbc128.obj)”或在“D:\冯骏涛\项目1\trunk\rtmplivescreen_mp3444(无live555版本)\Release\lib.pdb”中寻找)；正在链接对象，如同没有调试信息一样
     1>librtmp.lib(seed_ofb.obj) : warning LNK4099: 未找到 PDB“lib.pdb”(使用“librtmp.lib(seed_ofb.obj)”或在“D:\冯骏涛\项目1\trunk\rtmplivescreen_mp3444(无live555版本)\Release\lib.pdb”中寻找)；正在链接对象，如同没有调试信息一样
     1>librtmp.lib(seed_cfb.obj) : warning LNK4099: 未找到 PDB“lib.pdb”(使用“librtmp.lib(seed_cfb.obj)”或在“D:\冯骏涛\项目1\trunk\rtmplivescreen_mp3444(无live555版本)\Release\lib.pdb”中寻找)；正在链接对象，如同没有调试信息一样
     1>librtmp.lib(seed_cbc.obj) : warning LNK4099: 未找到 PDB“lib.pdb”(使用“librtmp.lib(seed_cbc.obj)”或在“D:\冯骏涛\项目1\trunk\rtmplivescreen_mp3444(无live555版本)\Release\lib.pdb”中寻找)；正在链接对象，如同没有调试信息一样
     1>librtmp.lib(seed_ecb.obj) : warning LNK4099: 未找到 PDB“lib.pdb”(使用“librtmp.lib(seed_ecb.obj)”或在“D:\冯骏涛\项目1\trunk\rtmplivescreen_mp3444(无live555版本)\Release\lib.pdb”中寻找)；正在链接对象，如同没有调试信息一样
     1>librtmp.lib(seed.obj) : warning LNK4099: 未找到 PDB“lib.pdb”(使用“librtmp.lib(seed.obj)”或在“D:\冯骏涛\项目1\trunk\rtmplivescreen_mp3444(无live555版本)\Release\lib.pdb”中寻找)；正在链接对象，如同没有调试信息一样
     1>librtmp.lib(cmll_cfb.obj) : warning LNK4099: 未找到 PDB“lib.pdb”(使用“librtmp.lib(cmll_cfb.obj)”或在“D:\冯骏涛\项目1\trunk\rtmplivescreen_mp3444(无live555版本)\Release\lib.pdb”中寻找)；正在链接对象，如同没有调试信息一样
     1>librtmp.lib(cmll_ofb.obj) : warning LNK4099: 未找到 PDB“lib.pdb”(使用“librtmp.lib(cmll_ofb.obj)”或在“D:\冯骏涛\项目1\trunk\rtmplivescreen_mp3444(无live555版本)\Release\lib.pdb”中寻找)；正在链接对象，如同没有调试信息一样
     1>librtmp.lib(cmll_ecb.obj) : warning LNK4099: 未找到 PDB“lib.pdb”(使用“librtmp.lib(cmll_ecb.obj)”或在“D:\冯骏涛\项目1\trunk\rtmplivescreen_mp3444(无live555版本)\Release\lib.pdb”中寻找)；正在链接对象，如同没有调试信息一样
     1>librtmp.lib(aes_wrap.obj) : warning LNK4099: 未找到 PDB“lib.pdb”(使用“librtmp.lib(aes_wrap.obj)”或在“D:\冯骏涛\项目1\trunk\rtmplivescreen_mp3444(无live555版本)\Release\lib.pdb”中寻找)；正在链接对象，如同没有调试信息一样
     1>librtmp.lib(aes_ofb.obj) : warning LNK4099: 未找到 PDB“lib.pdb”(使用“librtmp.lib(aes_ofb.obj)”或在“D:\冯骏涛\项目1\trunk\rtmplivescreen_mp3444(无live555版本)\Release\lib.pdb”中寻找)；正在链接对象，如同没有调试信息一样
     1>librtmp.lib(aes_cfb.obj) : warning LNK4099: 未找到 PDB“lib.pdb”(使用“librtmp.lib(aes_cfb.obj)”或在“D:\冯骏涛\项目1\trunk\rtmplivescreen_mp3444(无live555版本)\Release\lib.pdb”中寻找)；正在链接对象，如同没有调试信息一样
     1>librtmp.lib(aes_ecb.obj) : warning LNK4099: 未找到 PDB“lib.pdb”(使用“librtmp.lib(aes_ecb.obj)”或在“D:\冯骏涛\项目1\trunk\rtmplivescreen_mp3444(无live555版本)\Release\lib.pdb”中寻找)；正在链接对象，如同没有调试信息一样
     1>librtmp.lib(i_skey.obj) : warning LNK4099: 未找到 PDB“lib.pdb”(使用“librtmp.lib(i_skey.obj)”或在“D:\冯骏涛\项目1\trunk\rtmplivescreen_mp3444(无live555版本)\Release\lib.pdb”中寻找)；正在链接对象，如同没有调试信息一样
     1>librtmp.lib(i_ecb.obj) : warning LNK4099: 未找到 PDB“lib.pdb”(使用“librtmp.lib(i_ecb.obj)”或在“D:\冯骏涛\项目1\trunk\rtmplivescreen_mp3444(无live555版本)\Release\lib.pdb”中寻找)；正在链接对象，如同没有调试信息一样
     1>librtmp.lib(i_ofb64.obj) : warning LNK4099: 未找到 PDB“lib.pdb”(使用“librtmp.lib(i_ofb64.obj)”或在“D:\冯骏涛\项目1\trunk\rtmplivescreen_mp3444(无live555版本)\Release\lib.pdb”中寻找)；正在链接对象，如同没有调试信息一样
     1>librtmp.lib(i_cfb64.obj) : warning LNK4099: 未找到 PDB“lib.pdb”(使用“librtmp.lib(i_cfb64.obj)”或在“D:\冯骏涛\项目1\trunk\rtmplivescreen_mp3444(无live555版本)\Release\lib.pdb”中寻找)；正在链接对象，如同没有调试信息一样
     1>librtmp.lib(i_cbc.obj) : warning LNK4099: 未找到 PDB“lib.pdb”(使用“librtmp.lib(i_cbc.obj)”或在“D:\冯骏涛\项目1\trunk\rtmplivescreen_mp3444(无live555版本)\Release\lib.pdb”中寻找)；正在链接对象，如同没有调试信息一样
     1>librtmp.lib(rc2ofb64.obj) : warning LNK4099: 未找到 PDB“lib.pdb”(使用“librtmp.lib(rc2ofb64.obj)”或在“D:\冯骏涛\项目1\trunk\rtmplivescreen_mp3444(无live555版本)\Release\lib.pdb”中寻找)；正在链接对象，如同没有调试信息一样
     1>librtmp.lib(rc2cfb64.obj) : warning LNK4099: 未找到 PDB“lib.pdb”(使用“librtmp.lib(rc2cfb64.obj)”或在“D:\冯骏涛\项目1\trunk\rtmplivescreen_mp3444(无live555版本)\Release\lib.pdb”中寻找)；正在链接对象，如同没有调试信息一样
     1>librtmp.lib(rc2_cbc.obj) : warning LNK4099: 未找到 PDB“lib.pdb”(使用“librtmp.lib(rc2_cbc.obj)”或在“D:\冯骏涛\项目1\trunk\rtmplivescreen_mp3444(无live555版本)\Release\lib.pdb”中寻找)；正在链接对象，如同没有调试信息一样
     1>librtmp.lib(rc2_skey.obj) : warning LNK4099: 未找到 PDB“lib.pdb”(使用“librtmp.lib(rc2_skey.obj)”或在“D:\冯骏涛\项目1\trunk\rtmplivescreen_mp3444(无live555版本)\Release\lib.pdb”中寻找)；正在链接对象，如同没有调试信息一样
     1>librtmp.lib(rc2_ecb.obj) : warning LNK4099: 未找到 PDB“lib.pdb”(使用“librtmp.lib(rc2_ecb.obj)”或在“D:\冯骏涛\项目1\trunk\rtmplivescreen_mp3444(无live555版本)\Release\lib.pdb”中寻找)；正在链接对象，如同没有调试信息一样
     1>librtmp.lib(ofb64enc.obj) : warning LNK4099: 未找到 PDB“lib.pdb”(使用“librtmp.lib(ofb64enc.obj)”或在“D:\冯骏涛\项目1\trunk\rtmplivescreen_mp3444(无live555版本)\Release\lib.pdb”中寻找)；正在链接对象，如同没有调试信息一样
     1>librtmp.lib(ofb64ede.obj) : warning LNK4099: 未找到 PDB“lib.pdb”(使用“librtmp.lib(ofb64ede.obj)”或在“D:\冯骏涛\项目1\trunk\rtmplivescreen_mp3444(无live555版本)\Release\lib.pdb”中寻找)；正在链接对象，如同没有调试信息一样
     1>librtmp.lib(cfb_enc.obj) : warning LNK4099: 未找到 PDB“lib.pdb”(使用“librtmp.lib(cfb_enc.obj)”或在“D:\冯骏涛\项目1\trunk\rtmplivescreen_mp3444(无live555版本)\Release\lib.pdb”中寻找)；正在链接对象，如同没有调试信息一样
     1>librtmp.lib(cfb64ede.obj) : warning LNK4099: 未找到 PDB“lib.pdb”(使用“librtmp.lib(cfb64ede.obj)”或在“D:\冯骏涛\项目1\trunk\rtmplivescreen_mp3444(无live555版本)\Release\lib.pdb”中寻找)；正在链接对象，如同没有调试信息一样
     1>librtmp.lib(cfb64enc.obj) : warning LNK4099: 未找到 PDB“lib.pdb”(使用“librtmp.lib(cfb64enc.obj)”或在“D:\冯骏涛\项目1\trunk\rtmplivescreen_mp3444(无live555版本)\Release\lib.pdb”中寻找)；正在链接对象，如同没有调试信息一样
     1>librtmp.lib(ecb3_enc.obj) : warning LNK4099: 未找到 PDB“lib.pdb”(使用“librtmp.lib(ecb3_enc.obj)”或在“D:\冯骏涛\项目1\trunk\rtmplivescreen_mp3444(无live555版本)\Release\lib.pdb”中寻找)；正在链接对象，如同没有调试信息一样
     1>librtmp.lib(ecb_enc.obj) : warning LNK4099: 未找到 PDB“lib.pdb”(使用“librtmp.lib(ecb_enc.obj)”或在“D:\冯骏涛\项目1\trunk\rtmplivescreen_mp3444(无live555版本)\Release\lib.pdb”中寻找)；正在链接对象，如同没有调试信息一样
     1>librtmp.lib(set_key.obj) : warning LNK4099: 未找到 PDB“lib.pdb”(使用“librtmp.lib(set_key.obj)”或在“D:\冯骏涛\项目1\trunk\rtmplivescreen_mp3444(无live555版本)\Release\lib.pdb”中寻找)；正在链接对象，如同没有调试信息一样
     1>librtmp.lib(rmd_dgst.obj) : warning LNK4099: 未找到 PDB“lib.pdb”(使用“librtmp.lib(rmd_dgst.obj)”或在“D:\冯骏涛\项目1\trunk\rtmplivescreen_mp3444(无live555版本)\Release\lib.pdb”中寻找)；正在链接对象，如同没有调试信息一样
     1>librtmp.lib(hm_pmeth.obj) : warning LNK4099: 未找到 PDB“lib.pdb”(使用“librtmp.lib(hm_pmeth.obj)”或在“D:\冯骏涛\项目1\trunk\rtmplivescreen_mp3444(无live555版本)\Release\lib.pdb”中寻找)；正在链接对象，如同没有调试信息一样
     1>librtmp.lib(hm_ameth.obj) : warning LNK4099: 未找到 PDB“lib.pdb”(使用“librtmp.lib(hm_ameth.obj)”或在“D:\冯骏涛\项目1\trunk\rtmplivescreen_mp3444(无live555版本)\Release\lib.pdb”中寻找)；正在链接对象，如同没有调试信息一样
     1>librtmp.lib(hmac.obj) : warning LNK4099: 未找到 PDB“lib.pdb”(使用“librtmp.lib(hmac.obj)”或在“D:\冯骏涛\项目1\trunk\rtmplivescreen_mp3444(无live555版本)\Release\lib.pdb”中寻找)；正在链接对象，如同没有调试信息一样
     1>librtmp.lib(mdc2dgst.obj) : warning LNK4099: 未找到 PDB“lib.pdb”(使用“librtmp.lib(mdc2dgst.obj)”或在“D:\冯骏涛\项目1\trunk\rtmplivescreen_mp3444(无live555版本)\Release\lib.pdb”中寻找)；正在链接对象，如同没有调试信息一样
     1>librtmp.lib(sha512.obj) : warning LNK4099: 未找到 PDB“lib.pdb”(使用“librtmp.lib(sha512.obj)”或在“D:\冯骏涛\项目1\trunk\rtmplivescreen_mp3444(无live555版本)\Release\lib.pdb”中寻找)；正在链接对象，如同没有调试信息一样
     1>librtmp.lib(sha256.obj) : warning LNK4099: 未找到 PDB“lib.pdb”(使用“librtmp.lib(sha256.obj)”或在“D:\冯骏涛\项目1\trunk\rtmplivescreen_mp3444(无live555版本)\Release\lib.pdb”中寻找)；正在链接对象，如同没有调试信息一样
     1>librtmp.lib(sha1dgst.obj) : warning LNK4099: 未找到 PDB“lib.pdb”(使用“librtmp.lib(sha1dgst.obj)”或在“D:\冯骏涛\项目1\trunk\rtmplivescreen_mp3444(无live555版本)\Release\lib.pdb”中寻找)；正在链接对象，如同没有调试信息一样
     1>librtmp.lib(sha_dgst.obj) : warning LNK4099: 未找到 PDB“lib.pdb”(使用“librtmp.lib(sha_dgst.obj)”或在“D:\冯骏涛\项目1\trunk\rtmplivescreen_mp3444(无live555版本)\Release\lib.pdb”中寻找)；正在链接对象，如同没有调试信息一样
     1>librtmp.lib(md5_dgst.obj) : warning LNK4099: 未找到 PDB“lib.pdb”(使用“librtmp.lib(md5_dgst.obj)”或在“D:\冯骏涛\项目1\trunk\rtmplivescreen_mp3444(无live555版本)\Release\lib.pdb”中寻找)；正在链接对象，如同没有调试信息一样
     1>librtmp.lib(md4_dgst.obj) : warning LNK4099: 未找到 PDB“lib.pdb”(使用“librtmp.lib(md4_dgst.obj)”或在“D:\冯骏涛\项目1\trunk\rtmplivescreen_mp3444(无live555版本)\Release\lib.pdb”中寻找)；正在链接对象，如同没有调试信息一样
     1>librtmp.lib(o_dir.obj) : warning LNK4099: 未找到 PDB“lib.pdb”(使用“librtmp.lib(o_dir.obj)”或在“D:\冯骏涛\项目1\trunk\rtmplivescreen_mp3444(无live555版本)\Release\lib.pdb”中寻找)；正在链接对象，如同没有调试信息一样
     1>librtmp.lib(o_time.obj) : warning LNK4099: 未找到 PDB“lib.pdb”(使用“librtmp.lib(o_time.obj)”或在“D:\冯骏涛\项目1\trunk\rtmplivescreen_mp3444(无live555版本)\Release\lib.pdb”中寻找)；正在链接对象，如同没有调试信息一样
     1>librtmp.lib(cpt_err.obj) : warning LNK4099: 未找到 PDB“lib.pdb”(使用“librtmp.lib(cpt_err.obj)”或在“D:\冯骏涛\项目1\trunk\rtmplivescreen_mp3444(无live555版本)\Release\lib.pdb”中寻找)；正在链接对象，如同没有调试信息一样
     1>librtmp.lib(ex_data.obj) : warning LNK4099: 未找到 PDB“lib.pdb”(使用“librtmp.lib(ex_data.obj)”或在“D:\冯骏涛\项目1\trunk\rtmplivescreen_mp3444(无live555版本)\Release\lib.pdb”中寻找)；正在链接对象，如同没有调试信息一样
     1>librtmp.lib(mem_dbg.obj) : warning LNK4099: 未找到 PDB“lib.pdb”(使用“librtmp.lib(mem_dbg.obj)”或在“D:\冯骏涛\项目1\trunk\rtmplivescreen_mp3444(无live555版本)\Release\lib.pdb”中寻找)；正在链接对象，如同没有调试信息一样
     1>librtmp.lib(mem.obj) : warning LNK4099: 未找到 PDB“lib.pdb”(使用“librtmp.lib(mem.obj)”或在“D:\冯骏涛\项目1\trunk\rtmplivescreen_mp3444(无live555版本)\Release\lib.pdb”中寻找)；正在链接对象，如同没有调试信息一样
     1>librtmp.lib(cryptlib.obj) : warning LNK4099: 未找到 PDB“lib.pdb”(使用“librtmp.lib(cryptlib.obj)”或在“D:\冯骏涛\项目1\trunk\rtmplivescreen_mp3444(无live555版本)\Release\lib.pdb”中寻找)；正在链接对象，如同没有调试信息一样
         RtmpLiveScreen_mp3.vcxproj -> D:\冯骏涛\项目1\trunk\rtmplivescreen_mp3444(无live555版本)\Release\RtmpLiveScreen_mp3.exe
       Manifest:
         C:\Program Files (x86)\Microsoft SDKs\Windows\v7.0A\bin\mt.exe /nologo /verbose /outputresource:"D:\冯骏涛\项目1\trunk\rtmplivescreen_mp3444(无live555版本)\Release\RtmpLiveScreen_mp3.exe;#1" /manifest Release\RtmpLiveScreen_mp3.exe.intermediate.manifest "D:\Program Files (x86)\Microsoft Visual Studio 10.0\VC\Include\Manifest\dpiaware.manifest"
       FinalizeBuildStatus:
         正在删除文件“Release\RtmpLiveScreen_mp3.unsuccessfulbuild”。
         正在对“Release\RtmpLiveScreen_mp3.lastbuildstate”执行 Touch 任务。
     1>已完成生成项目“D:\冯骏涛\项目1\trunk\rtmplivescreen_mp3444(无live555版本)\RtmpLiveScreen_mp3\RtmpLiveScreen_mp3.vcxproj”(build 个目标)的操作。

生成成功。

已用时间 00:00:03.56
